{"/mnt/d/progress/wawa_smart_erp/apps/desktop/src/components/ErrorBoundary.tsx": {"path":"/mnt/d/progress/wawa_smart_erp/apps/desktop/src/components/ErrorBoundary.tsx","statementMap":{"0":{"start":{"line":15,"column":4},"end":{"line":15,"column":null}},"1":{"start":{"line":16,"column":4},"end":{"line":16,"column":null}},"2":{"start":{"line":20,"column":4},"end":{"line":20,"column":null}},"3":{"start":{"line":24,"column":4},"end":{"line":24,"column":null}},"4":{"start":{"line":28,"column":4},"end":{"line":41,"column":null}},"5":{"start":{"line":29,"column":6},"end":{"line":29,"column":null}},"6":{"start":{"line":29,"column":31},"end":{"line":29,"column":null}},"7":{"start":{"line":31,"column":6},"end":{"line":39,"column":null}},"8":{"start":{"line":36,"column":61},"end":{"line":36,"column":110}},"9":{"start":{"line":43,"column":4},"end":{"line":43,"column":null}}},"fnMap":{"0":{"name":"(anonymous_0)","decl":{"start":{"line":14,"column":2},"end":{"line":14,"column":14}},"loc":{"start":{"line":14,"column":28},"end":{"line":17,"column":null}},"line":14},"1":{"name":"(anonymous_1)","decl":{"start":{"line":19,"column":9},"end":{"line":19,"column":34}},"loc":{"start":{"line":19,"column":55},"end":{"line":21,"column":null}},"line":19},"2":{"name":"(anonymous_2)","decl":{"start":{"line":23,"column":2},"end":{"line":23,"column":20}},"loc":{"start":{"line":23,"column":57},"end":{"line":25,"column":null}},"line":23},"3":{"name":"(anonymous_3)","decl":{"start":{"line":27,"column":2},"end":{"line":27,"column":11}},"loc":{"start":{"line":27,"column":11},"end":{"line":44,"column":null}},"line":27},"4":{"name":"(anonymous_4)","decl":{"start":{"line":36,"column":55},"end":{"line":36,"column":61}},"loc":{"start":{"line":36,"column":61},"end":{"line":36,"column":110}},"line":36}},"branchMap":{"0":{"loc":{"start":{"line":28,"column":4},"end":{"line":41,"column":null}},"type":"if","locations":[{"start":{"line":28,"column":4},"end":{"line":41,"column":null}},{"start":{},"end":{}}],"line":28},"1":{"loc":{"start":{"line":29,"column":6},"end":{"line":29,"column":null}},"type":"if","locations":[{"start":{"line":29,"column":6},"end":{"line":29,"column":null}},{"start":{},"end":{}}],"line":29}},"s":{"0":27,"1":27,"2":24,"3":12,"4":53,"5":25,"6":2,"7":23,"8":2,"9":28},"f":{"0":27,"1":2,"2":12,"3":53,"4":2},"b":{"0":[25,28],"1":[2,23]},"meta":{"lastBranch":2,"lastFunction":5,"lastStatement":10,"seen":{"f:14:2:14:14":0,"s:15:4:15:Infinity":0,"s:16:4:16:Infinity":1,"f:19:9:19:34":1,"s:20:4:20:Infinity":2,"f:23:2:23:20":2,"s:24:4:24:Infinity":3,"f:27:2:27:11":3,"b:28:4:41:Infinity:undefined:undefined:undefined:undefined":0,"s:28:4:41:Infinity":4,"b:29:6:29:Infinity:undefined:undefined:undefined:undefined":1,"s:29:6:29:Infinity":5,"s:29:31:29:Infinity":6,"s:31:6:39:Infinity":7,"f:36:55:36:61":4,"s:36:61:36:110":8,"s:43:4:43:Infinity":9}}}
,"/mnt/d/progress/wawa_smart_erp/apps/desktop/src/constants/common.ts": {"path":"/mnt/d/progress/wawa_smart_erp/apps/desktop/src/constants/common.ts","statementMap":{"0":{"start":{"line":8,"column":46},"end":{"line":8,"column":null}},"1":{"start":{"line":11,"column":27},"end":{"line":11,"column":null}},"2":{"start":{"line":11,"column":42},"end":{"line":11,"column":null}},"3":{"start":{"line":14,"column":54},"end":{"line":25,"column":null}},"4":{"start":{"line":27,"column":31},"end":{"line":28,"column":null}},"5":{"start":{"line":28,"column":2},"end":{"line":28,"column":null}},"6":{"start":{"line":31,"column":33},"end":{"line":40,"column":null}},"7":{"start":{"line":32,"column":2},"end":{"line":32,"column":null}},"8":{"start":{"line":32,"column":16},"end":{"line":32,"column":null}},"9":{"start":{"line":33,"column":12},"end":{"line":33,"column":null}},"10":{"start":{"line":34,"column":14},"end":{"line":34,"column":null}},"11":{"start":{"line":35,"column":18},"end":{"line":35,"column":null}},"12":{"start":{"line":36,"column":2},"end":{"line":38,"column":null}},"13":{"start":{"line":37,"column":4},"end":{"line":37,"column":null}},"14":{"start":{"line":39,"column":2},"end":{"line":39,"column":null}},"15":{"start":{"line":42,"column":30},"end":{"line":45,"column":null}},"16":{"start":{"line":43,"column":12},"end":{"line":43,"column":null}},"17":{"start":{"line":44,"column":2},"end":{"line":44,"column":null}},"18":{"start":{"line":48,"column":30},"end":{"line":50,"column":null}},"19":{"start":{"line":49,"column":2},"end":{"line":49,"column":null}},"20":{"start":{"line":49,"column":30},"end":{"line":49,"column":48}}},"fnMap":{"0":{"name":"(anonymous_0)","decl":{"start":{"line":11,"column":27},"end":{"line":11,"column":42}},"loc":{"start":{"line":11,"column":42},"end":{"line":11,"column":null}},"line":11},"1":{"name":"(anonymous_1)","decl":{"start":{"line":27,"column":31},"end":{"line":27,"column":32}},"loc":{"start":{"line":28,"column":2},"end":{"line":28,"column":null}},"line":28},"2":{"name":"(anonymous_2)","decl":{"start":{"line":31,"column":33},"end":{"line":31,"column":34}},"loc":{"start":{"line":31,"column":63},"end":{"line":40,"column":null}},"line":31},"3":{"name":"(anonymous_3)","decl":{"start":{"line":42,"column":30},"end":{"line":42,"column":31}},"loc":{"start":{"line":42,"column":59},"end":{"line":45,"column":null}},"line":42},"4":{"name":"(anonymous_4)","decl":{"start":{"line":48,"column":30},"end":{"line":48,"column":31}},"loc":{"start":{"line":48,"column":108},"end":{"line":50,"column":null}},"line":48},"5":{"name":"(anonymous_5)","decl":{"start":{"line":49,"column":23},"end":{"line":49,"column":24}},"loc":{"start":{"line":49,"column":30},"end":{"line":49,"column":48}},"line":49}},"branchMap":{"0":{"loc":{"start":{"line":28,"column":2},"end":{"line":28,"column":null}},"type":"binary-expr","locations":[{"start":{"line":28,"column":2},"end":{"line":28,"column":29}},{"start":{"line":28,"column":29},"end":{"line":28,"column":null}}],"line":28},"1":{"loc":{"start":{"line":32,"column":2},"end":{"line":32,"column":null}},"type":"if","locations":[{"start":{"line":32,"column":2},"end":{"line":32,"column":null}},{"start":{},"end":{}}],"line":32},"2":{"loc":{"start":{"line":36,"column":2},"end":{"line":38,"column":null}},"type":"if","locations":[{"start":{"line":36,"column":2},"end":{"line":38,"column":null}},{"start":{},"end":{}}],"line":36},"3":{"loc":{"start":{"line":49,"column":9},"end":{"line":49,"column":null}},"type":"binary-expr","locations":[{"start":{"line":49,"column":9},"end":{"line":49,"column":59}},{"start":{"line":49,"column":59},"end":{"line":49,"column":null}}],"line":49}},"s":{"0":4,"1":4,"2":10,"3":4,"4":4,"5":18,"6":4,"7":10,"8":2,"9":8,"10":8,"11":8,"12":8,"13":3,"14":5,"15":4,"16":5,"17":5,"18":4,"19":11,"20":1015},"f":{"0":10,"1":18,"2":10,"3":5,"4":11,"5":1015},"b":{"0":[18,8],"1":[2,8],"2":[3,5],"3":[11,4]},"meta":{"lastBranch":4,"lastFunction":6,"lastStatement":21,"seen":{"s:8:46:8:Infinity":0,"s:11:27:11:Infinity":1,"f:11:27:11:42":0,"s:11:42:11:Infinity":2,"s:14:54:25:Infinity":3,"s:27:31:28:Infinity":4,"f:27:31:27:32":1,"s:28:2:28:Infinity":5,"b:28:2:28:29:28:29:28:Infinity":0,"s:31:33:40:Infinity":6,"f:31:33:31:34":2,"b:32:2:32:Infinity:undefined:undefined:undefined:undefined":1,"s:32:2:32:Infinity":7,"s:32:16:32:Infinity":8,"s:33:12:33:Infinity":9,"s:34:14:34:Infinity":10,"s:35:18:35:Infinity":11,"b:36:2:38:Infinity:undefined:undefined:undefined:undefined":2,"s:36:2:38:Infinity":12,"s:37:4:37:Infinity":13,"s:39:2:39:Infinity":14,"s:42:30:45:Infinity":15,"f:42:30:42:31":3,"s:43:12:43:Infinity":16,"s:44:2:44:Infinity":17,"s:48:30:50:Infinity":18,"f:48:30:48:31":4,"s:49:2:49:Infinity":19,"b:49:9:49:59:49:59:49:Infinity":3,"f:49:23:49:24":5,"s:49:30:49:48":20}}}
,"/mnt/d/progress/wawa_smart_erp/apps/desktop/src/constants/notion.ts": {"path":"/mnt/d/progress/wawa_smart_erp/apps/desktop/src/constants/notion.ts","statementMap":{"0":{"start":{"line":5,"column":38},"end":{"line":10,"column":null}},"1":{"start":{"line":12,"column":38},"end":{"line":24,"column":null}},"2":{"start":{"line":26,"column":36},"end":{"line":35,"column":null}},"3":{"start":{"line":37,"column":35},"end":{"line":44,"column":null}},"4":{"start":{"line":46,"column":46},"end":{"line":54,"column":null}},"5":{"start":{"line":56,"column":44},"end":{"line":61,"column":null}},"6":{"start":{"line":63,"column":41},"end":{"line":71,"column":null}},"7":{"start":{"line":73,"column":37},"end":{"line":84,"column":null}},"8":{"start":{"line":86,"column":33},"end":{"line":90,"column":null}},"9":{"start":{"line":92,"column":36},"end":{"line":96,"column":null}},"10":{"start":{"line":98,"column":36},"end":{"line":102,"column":null}}},"fnMap":{},"branchMap":{},"s":{"0":1,"1":1,"2":1,"3":1,"4":1,"5":1,"6":1,"7":1,"8":1,"9":1,"10":1},"f":{},"b":{},"meta":{"lastBranch":0,"lastFunction":0,"lastStatement":11,"seen":{"s:5:38:10:Infinity":0,"s:12:38:24:Infinity":1,"s:26:36:35:Infinity":2,"s:37:35:44:Infinity":3,"s:46:46:54:Infinity":4,"s:56:44:61:Infinity":5,"s:63:41:71:Infinity":6,"s:73:37:84:Infinity":7,"s:86:33:90:Infinity":8,"s:92:36:96:Infinity":9,"s:98:36:102:Infinity":10}}}
,"/mnt/d/progress/wawa_smart_erp/apps/desktop/src/modules/makeup/Calendar.tsx": {"path":"/mnt/d/progress/wawa_smart_erp/apps/desktop/src/modules/makeup/Calendar.tsx","statementMap":{"0":{"start":{"line":7,"column":24},"end":{"line":7,"column":null}},"1":{"start":{"line":10,"column":19},"end":{"line":10,"column":null}},"2":{"start":{"line":11,"column":22},"end":{"line":11,"column":null}},"3":{"start":{"line":12,"column":24},"end":{"line":12,"column":null}},"4":{"start":{"line":14,"column":94},"end":{"line":14,"column":null}},"5":{"start":{"line":17,"column":2},"end":{"line":22,"column":null}},"6":{"start":{"line":17,"column":15},"end":{"line":17,"column":29}},"7":{"start":{"line":18,"column":14},"end":{"line":18,"column":null}},"8":{"start":{"line":19,"column":14},"end":{"line":19,"column":null}},"9":{"start":{"line":20,"column":14},"end":{"line":20,"column":null}},"10":{"start":{"line":21,"column":4},"end":{"line":21,"column":null}},"11":{"start":{"line":25,"column":2},"end":{"line":27,"column":null}},"12":{"start":{"line":25,"column":15},"end":{"line":25,"column":18}},"13":{"start":{"line":26,"column":4},"end":{"line":26,"column":null}},"14":{"start":{"line":30,"column":20},"end":{"line":30,"column":null}},"15":{"start":{"line":31,"column":2},"end":{"line":35,"column":null}},"16":{"start":{"line":31,"column":15},"end":{"line":31,"column":18}},"17":{"start":{"line":32,"column":14},"end":{"line":32,"column":null}},"18":{"start":{"line":33,"column":14},"end":{"line":33,"column":null}},"19":{"start":{"line":34,"column":4},"end":{"line":34,"column":null}},"20":{"start":{"line":37,"column":2},"end":{"line":37,"column":null}},"21":{"start":{"line":40,"column":88},"end":{"line":44,"column":null}},"22":{"start":{"line":47,"column":43},"end":{"line":47,"column":null}},"23":{"start":{"line":48,"column":19},"end":{"line":48,"column":null}},"24":{"start":{"line":49,"column":36},"end":{"line":49,"column":null}},"25":{"start":{"line":50,"column":38},"end":{"line":50,"column":null}},"26":{"start":{"line":52,"column":15},"end":{"line":52,"column":null}},"27":{"start":{"line":53,"column":16},"end":{"line":53,"column":null}},"28":{"start":{"line":55,"column":2},"end":{"line":57,"column":null}},"29":{"start":{"line":56,"column":4},"end":{"line":56,"column":null}},"30":{"start":{"line":59,"column":8},"end":{"line":59,"column":null}},"31":{"start":{"line":59,"column":29},"end":{"line":59,"column":56}},"32":{"start":{"line":62,"column":8},"end":{"line":73,"column":null}},"33":{"start":{"line":63,"column":16},"end":{"line":63,"column":null}},"34":{"start":{"line":64,"column":4},"end":{"line":71,"column":null}},"35":{"start":{"line":66,"column":22},"end":{"line":66,"column":null}},"36":{"start":{"line":67,"column":6},"end":{"line":67,"column":null}},"37":{"start":{"line":67,"column":20},"end":{"line":67,"column":null}},"38":{"start":{"line":68,"column":25},"end":{"line":68,"column":null}},"39":{"start":{"line":69,"column":6},"end":{"line":69,"column":null}},"40":{"start":{"line":69,"column":32},"end":{"line":69,"column":null}},"41":{"start":{"line":70,"column":6},"end":{"line":70,"column":null}},"42":{"start":{"line":72,"column":4},"end":{"line":72,"column":null}},"43":{"start":{"line":75,"column":8},"end":{"line":75,"column":null}},"44":{"start":{"line":77,"column":20},"end":{"line":77,"column":null}},"45":{"start":{"line":77,"column":26},"end":{"line":77,"column":null}},"46":{"start":{"line":78,"column":20},"end":{"line":78,"column":null}},"47":{"start":{"line":78,"column":26},"end":{"line":78,"column":null}},"48":{"start":{"line":79,"column":18},"end":{"line":79,"column":null}},"49":{"start":{"line":79,"column":24},"end":{"line":79,"column":null}},"50":{"start":{"line":81,"column":26},"end":{"line":81,"column":null}},"51":{"start":{"line":83,"column":2},"end":{"line":269,"column":null}},"52":{"start":{"line":112,"column":16},"end":{"line":115,"column":null}},"53":{"start":{"line":128,"column":14},"end":{"line":136,"column":null}},"54":{"start":{"line":143,"column":33},"end":{"line":143,"column":null}},"55":{"start":{"line":144,"column":30},"end":{"line":144,"column":null}},"56":{"start":{"line":145,"column":33},"end":{"line":145,"column":null}},"57":{"start":{"line":146,"column":32},"end":{"line":146,"column":null}},"58":{"start":{"line":148,"column":14},"end":{"line":203,"column":null}},"59":{"start":{"line":151,"column":33},"end":{"line":151,"column":null}},"60":{"start":{"line":181,"column":35},"end":{"line":181,"column":null}},"61":{"start":{"line":182,"column":20},"end":{"line":195,"column":null}},"62":{"start":{"line":235,"column":35},"end":{"line":235,"column":null}},"63":{"start":{"line":236,"column":20},"end":{"line":254,"column":null}}},"fnMap":{"0":{"name":"getMonthDays","decl":{"start":{"line":9,"column":16},"end":{"line":9,"column":29}},"loc":{"start":{"line":9,"column":58},"end":{"line":38,"column":null}},"line":9},"1":{"name":"MakeupCalendar","decl":{"start":{"line":46,"column":24},"end":{"line":46,"column":41}},"loc":{"start":{"line":46,"column":41},"end":{"line":271,"column":null}},"line":46},"2":{"name":"(anonymous_2)","decl":{"start":{"line":55,"column":12},"end":{"line":55,"column":18}},"loc":{"start":{"line":55,"column":18},"end":{"line":57,"column":5}},"line":55},"3":{"name":"(anonymous_3)","decl":{"start":{"line":59,"column":23},"end":{"line":59,"column":29}},"loc":{"start":{"line":59,"column":29},"end":{"line":59,"column":56}},"line":59},"4":{"name":"(anonymous_4)","decl":{"start":{"line":62,"column":32},"end":{"line":62,"column":38}},"loc":{"start":{"line":62,"column":38},"end":{"line":73,"column":5}},"line":62},"5":{"name":"(anonymous_5)","decl":{"start":{"line":77,"column":20},"end":{"line":77,"column":26}},"loc":{"start":{"line":77,"column":26},"end":{"line":77,"column":null}},"line":77},"6":{"name":"(anonymous_6)","decl":{"start":{"line":78,"column":20},"end":{"line":78,"column":26}},"loc":{"start":{"line":78,"column":26},"end":{"line":78,"column":null}},"line":78},"7":{"name":"(anonymous_7)","decl":{"start":{"line":79,"column":18},"end":{"line":79,"column":24}},"loc":{"start":{"line":79,"column":24},"end":{"line":79,"column":null}},"line":79},"8":{"name":"(anonymous_8)","decl":{"start":{"line":111,"column":49},"end":{"line":111,"column":50}},"loc":{"start":{"line":112,"column":16},"end":{"line":115,"column":null}},"line":112},"9":{"name":"(anonymous_9)","decl":{"start":{"line":127,"column":26},"end":{"line":127,"column":27}},"loc":{"start":{"line":128,"column":14},"end":{"line":136,"column":null}},"line":128},"10":{"name":"(anonymous_10)","decl":{"start":{"line":142,"column":22},"end":{"line":142,"column":23}},"loc":{"start":{"line":142,"column":36},"end":{"line":205,"column":13}},"line":142},"11":{"name":"(anonymous_11)","decl":{"start":{"line":151,"column":27},"end":{"line":151,"column":33}},"loc":{"start":{"line":151,"column":33},"end":{"line":151,"column":null}},"line":151},"12":{"name":"(anonymous_12)","decl":{"start":{"line":180,"column":46},"end":{"line":180,"column":47}},"loc":{"start":{"line":180,"column":53},"end":{"line":197,"column":19}},"line":180},"13":{"name":"(anonymous_13)","decl":{"start":{"line":234,"column":39},"end":{"line":234,"column":40}},"loc":{"start":{"line":234,"column":46},"end":{"line":256,"column":19}},"line":234}},"branchMap":{"0":{"loc":{"start":{"line":19,"column":14},"end":{"line":19,"column":null}},"type":"cond-expr","locations":[{"start":{"line":19,"column":28},"end":{"line":19,"column":33}},{"start":{"line":19,"column":33},"end":{"line":19,"column":null}}],"line":19},"1":{"loc":{"start":{"line":20,"column":14},"end":{"line":20,"column":null}},"type":"cond-expr","locations":[{"start":{"line":20,"column":28},"end":{"line":20,"column":39}},{"start":{"line":20,"column":39},"end":{"line":20,"column":null}}],"line":20},"2":{"loc":{"start":{"line":32,"column":14},"end":{"line":32,"column":null}},"type":"cond-expr","locations":[{"start":{"line":32,"column":29},"end":{"line":32,"column":33}},{"start":{"line":32,"column":33},"end":{"line":32,"column":null}}],"line":32},"3":{"loc":{"start":{"line":33,"column":14},"end":{"line":33,"column":null}},"type":"cond-expr","locations":[{"start":{"line":33,"column":29},"end":{"line":33,"column":40}},{"start":{"line":33,"column":40},"end":{"line":33,"column":null}}],"line":33},"4":{"loc":{"start":{"line":66,"column":22},"end":{"line":66,"column":null}},"type":"binary-expr","locations":[{"start":{"line":66,"column":22},"end":{"line":66,"column":38}},{"start":{"line":66,"column":38},"end":{"line":66,"column":null}}],"line":66},"5":{"loc":{"start":{"line":67,"column":6},"end":{"line":67,"column":null}},"type":"if","locations":[{"start":{"line":67,"column":6},"end":{"line":67,"column":null}},{"start":{},"end":{}}],"line":67},"6":{"loc":{"start":{"line":69,"column":6},"end":{"line":69,"column":null}},"type":"if","locations":[{"start":{"line":69,"column":6},"end":{"line":69,"column":null}},{"start":{},"end":{}}],"line":69},"7":{"loc":{"start":{"line":81,"column":26},"end":{"line":81,"column":null}},"type":"cond-expr","locations":[{"start":{"line":81,"column":42},"end":{"line":81,"column":83}},{"start":{"line":81,"column":83},"end":{"line":81,"column":null}}],"line":81},"8":{"loc":{"start":{"line":81,"column":42},"end":{"line":81,"column":83}},"type":"binary-expr","locations":[{"start":{"line":81,"column":42},"end":{"line":81,"column":77}},{"start":{"line":81,"column":77},"end":{"line":81,"column":83}}],"line":81},"9":{"loc":{"start":{"line":133,"column":23},"end":{"line":133,"column":null}},"type":"cond-expr","locations":[{"start":{"line":133,"column":33},"end":{"line":133,"column":51}},{"start":{"line":133,"column":51},"end":{"line":133,"column":null}}],"line":133},"10":{"loc":{"start":{"line":133,"column":51},"end":{"line":133,"column":null}},"type":"cond-expr","locations":[{"start":{"line":133,"column":61},"end":{"line":133,"column":73}},{"start":{"line":133,"column":73},"end":{"line":133,"column":null}}],"line":133},"11":{"loc":{"start":{"line":143,"column":33},"end":{"line":143,"column":null}},"type":"binary-expr","locations":[{"start":{"line":143,"column":33},"end":{"line":143,"column":68}},{"start":{"line":143,"column":68},"end":{"line":143,"column":null}}],"line":143},"12":{"loc":{"start":{"line":151,"column":49},"end":{"line":151,"column":100}},"type":"cond-expr","locations":[{"start":{"line":151,"column":81},"end":{"line":151,"column":88}},{"start":{"line":151,"column":88},"end":{"line":151,"column":100}}],"line":151},"13":{"loc":{"start":{"line":155,"column":34},"end":{"line":155,"column":null}},"type":"cond-expr","locations":[{"start":{"line":155,"column":45},"end":{"line":155,"column":73}},{"start":{"line":155,"column":73},"end":{"line":155,"column":null}}],"line":155},"14":{"loc":{"start":{"line":156,"column":33},"end":{"line":156,"column":null}},"type":"cond-expr","locations":[{"start":{"line":156,"column":49},"end":{"line":156,"column":77}},{"start":{"line":156,"column":77},"end":{"line":156,"column":null}}],"line":156},"15":{"loc":{"start":{"line":157,"column":37},"end":{"line":157,"column":null}},"type":"cond-expr","locations":[{"start":{"line":157,"column":50},"end":{"line":157,"column":84}},{"start":{"line":157,"column":84},"end":{"line":157,"column":null}}],"line":157},"16":{"loc":{"start":{"line":157,"column":84},"end":{"line":157,"column":null}},"type":"cond-expr","locations":[{"start":{"line":157,"column":110},"end":{"line":157,"column":122}},{"start":{"line":157,"column":122},"end":{"line":157,"column":null}}],"line":157},"17":{"loc":{"start":{"line":164,"column":32},"end":{"line":164,"column":null}},"type":"cond-expr","locations":[{"start":{"line":164,"column":42},"end":{"line":164,"column":48}},{"start":{"line":164,"column":48},"end":{"line":164,"column":null}}],"line":164},"18":{"loc":{"start":{"line":165,"column":27},"end":{"line":165,"column":null}},"type":"cond-expr","locations":[{"start":{"line":165,"column":53},"end":{"line":165,"column":65}},{"start":{"line":165,"column":65},"end":{"line":165,"column":null}}],"line":165},"19":{"loc":{"start":{"line":165,"column":65},"end":{"line":165,"column":null}},"type":"cond-expr","locations":[{"start":{"line":165,"column":83},"end":{"line":165,"column":101}},{"start":{"line":165,"column":101},"end":{"line":165,"column":null}}],"line":165},"20":{"loc":{"start":{"line":165,"column":101},"end":{"line":165,"column":null}},"type":"cond-expr","locations":[{"start":{"line":165,"column":119},"end":{"line":165,"column":131}},{"start":{"line":165,"column":131},"end":{"line":165,"column":null}}],"line":165},"21":{"loc":{"start":{"line":168,"column":21},"end":{"line":176,"column":null}},"type":"cond-expr","locations":[{"start":{"line":169,"column":22},"end":{"line":175,"column":null}},{"start":{"line":176,"column":24},"end":{"line":176,"column":null}}],"line":168},"22":{"loc":{"start":{"line":181,"column":35},"end":{"line":181,"column":null}},"type":"binary-expr","locations":[{"start":{"line":181,"column":35},"end":{"line":181,"column":62}},{"start":{"line":181,"column":62},"end":{"line":181,"column":null}}],"line":181},"23":{"loc":{"start":{"line":198,"column":19},"end":{"line":201,"column":null}},"type":"binary-expr","locations":[{"start":{"line":198,"column":19},"end":{"line":198,"column":null}},{"start":{"line":199,"column":20},"end":{"line":201,"column":null}}],"line":198},"24":{"loc":{"start":{"line":211,"column":7},"end":{"line":261,"column":null}},"type":"binary-expr","locations":[{"start":{"line":211,"column":7},"end":{"line":211,"column":null}},{"start":{"line":212,"column":8},"end":{"line":261,"column":null}}],"line":211},"25":{"loc":{"start":{"line":218,"column":13},"end":{"line":258,"column":null}},"type":"cond-expr","locations":[{"start":{"line":219,"column":14},"end":{"line":219,"column":null}},{"start":{"line":221,"column":14},"end":{"line":258,"column":null}}],"line":218},"26":{"loc":{"start":{"line":235,"column":35},"end":{"line":235,"column":null}},"type":"binary-expr","locations":[{"start":{"line":235,"column":35},"end":{"line":235,"column":62}},{"start":{"line":235,"column":62},"end":{"line":235,"column":null}}],"line":235},"27":{"loc":{"start":{"line":240,"column":54},"end":{"line":240,"column":71}},"type":"binary-expr","locations":[{"start":{"line":240,"column":54},"end":{"line":240,"column":69}},{"start":{"line":240,"column":69},"end":{"line":240,"column":71}}],"line":240},"28":{"loc":{"start":{"line":242,"column":29},"end":{"line":242,"column":49}},"type":"binary-expr","locations":[{"start":{"line":242,"column":29},"end":{"line":242,"column":45}},{"start":{"line":242,"column":45},"end":{"line":242,"column":49}}],"line":242},"29":{"loc":{"start":{"line":253,"column":92},"end":{"line":253,"column":106}},"type":"binary-expr","locations":[{"start":{"line":253,"column":92},"end":{"line":253,"column":102}},{"start":{"line":253,"column":102},"end":{"line":253,"column":106}}],"line":253},"30":{"loc":{"start":{"line":264,"column":7},"end":{"line":267,"column":null}},"type":"binary-expr","locations":[{"start":{"line":264,"column":7},"end":{"line":264,"column":null}},{"start":{"line":265,"column":8},"end":{"line":267,"column":null}}],"line":264}},"s":{"0":2,"1":129,"2":129,"3":129,"4":129,"5":129,"6":129,"7":294,"8":294,"9":294,"10":294,"11":129,"12":129,"13":3878,"14":129,"15":129,"16":129,"17":1246,"18":1246,"19":1246,"20":129,"21":2,"22":14,"23":14,"24":14,"25":14,"26":14,"27":14,"28":14,"29":12,"30":14,"31":12,"32":14,"33":12,"34":12,"35":8,"36":8,"37":0,"38":8,"39":8,"40":4,"41":8,"42":12,"43":14,"44":14,"45":0,"46":14,"47":0,"48":14,"49":0,"50":14,"51":14,"52":42,"53":98,"54":588,"55":588,"56":588,"57":588,"58":588,"59":2,"60":7,"61":7,"62":1,"63":1},"f":{"0":129,"1":14,"2":12,"3":12,"4":12,"5":0,"6":0,"7":0,"8":42,"9":98,"10":588,"11":2,"12":7,"13":1},"b":{"0":[52,242],"1":[52,242],"2":[101,1145],"3":[101,1145],"4":[8,7],"5":[0,8],"6":[4,4],"7":[2,12],"8":[2,1],"9":[14,84],"10":[14,70],"11":[588,583],"12":[0,2],"13":[490,98],"14":[504,84],"15":[2,586],"16":[196,390],"17":[14,574],"18":[196,392],"19":[56,336],"20":[56,280],"21":[14,574],"22":[7,0],"23":[588,1],"24":[14,2],"25":[1,1],"26":[1,0],"27":[1,0],"28":[1,0],"29":[1,0],"30":[14,1]},"meta":{"lastBranch":31,"lastFunction":14,"lastStatement":64,"seen":{"s:7:24:7:Infinity":0,"f:9:16:9:29":0,"s:10:19:10:Infinity":1,"s:11:22:11:Infinity":2,"s:12:24:12:Infinity":3,"s:14:94:14:Infinity":4,"s:17:2:22:Infinity":5,"s:17:15:17:29":6,"s:18:14:18:Infinity":7,"s:19:14:19:Infinity":8,"b:19:28:19:33:19:33:19:Infinity":0,"s:20:14:20:Infinity":9,"b:20:28:20:39:20:39:20:Infinity":1,"s:21:4:21:Infinity":10,"s:25:2:27:Infinity":11,"s:25:15:25:18":12,"s:26:4:26:Infinity":13,"s:30:20:30:Infinity":14,"s:31:2:35:Infinity":15,"s:31:15:31:18":16,"s:32:14:32:Infinity":17,"b:32:29:32:33:32:33:32:Infinity":2,"s:33:14:33:Infinity":18,"b:33:29:33:40:33:40:33:Infinity":3,"s:34:4:34:Infinity":19,"s:37:2:37:Infinity":20,"s:40:88:44:Infinity":21,"f:46:24:46:41":1,"s:47:43:47:Infinity":22,"s:48:19:48:Infinity":23,"s:49:36:49:Infinity":24,"s:50:38:50:Infinity":25,"s:52:15:52:Infinity":26,"s:53:16:53:Infinity":27,"s:55:2:57:Infinity":28,"f:55:12:55:18":2,"s:56:4:56:Infinity":29,"s:59:8:59:Infinity":30,"f:59:23:59:29":3,"s:59:29:59:56":31,"s:62:8:73:Infinity":32,"f:62:32:62:38":4,"s:63:16:63:Infinity":33,"s:64:4:71:Infinity":34,"s:66:22:66:Infinity":35,"b:66:22:66:38:66:38:66:Infinity":4,"b:67:6:67:Infinity:undefined:undefined:undefined:undefined":5,"s:67:6:67:Infinity":36,"s:67:20:67:Infinity":37,"s:68:25:68:Infinity":38,"b:69:6:69:Infinity:undefined:undefined:undefined:undefined":6,"s:69:6:69:Infinity":39,"s:69:32:69:Infinity":40,"s:70:6:70:Infinity":41,"s:72:4:72:Infinity":42,"s:75:8:75:Infinity":43,"s:77:20:77:Infinity":44,"f:77:20:77:26":5,"s:77:26:77:Infinity":45,"s:78:20:78:Infinity":46,"f:78:20:78:26":6,"s:78:26:78:Infinity":47,"s:79:18:79:Infinity":48,"f:79:18:79:24":7,"s:79:24:79:Infinity":49,"s:81:26:81:Infinity":50,"b:81:42:81:83:81:83:81:Infinity":7,"b:81:42:81:77:81:77:81:83":8,"s:83:2:269:Infinity":51,"f:111:49:111:50":8,"s:112:16:115:Infinity":52,"f:127:26:127:27":9,"s:128:14:136:Infinity":53,"b:133:33:133:51:133:51:133:Infinity":9,"b:133:61:133:73:133:73:133:Infinity":10,"f:142:22:142:23":10,"s:143:33:143:Infinity":54,"b:143:33:143:68:143:68:143:Infinity":11,"s:144:30:144:Infinity":55,"s:145:33:145:Infinity":56,"s:146:32:146:Infinity":57,"s:148:14:203:Infinity":58,"f:151:27:151:33":11,"s:151:33:151:Infinity":59,"b:151:81:151:88:151:88:151:100":12,"b:155:45:155:73:155:73:155:Infinity":13,"b:156:49:156:77:156:77:156:Infinity":14,"b:157:50:157:84:157:84:157:Infinity":15,"b:157:110:157:122:157:122:157:Infinity":16,"b:164:42:164:48:164:48:164:Infinity":17,"b:165:53:165:65:165:65:165:Infinity":18,"b:165:83:165:101:165:101:165:Infinity":19,"b:165:119:165:131:165:131:165:Infinity":20,"b:169:22:175:Infinity:176:24:176:Infinity":21,"f:180:46:180:47":12,"s:181:35:181:Infinity":60,"b:181:35:181:62:181:62:181:Infinity":22,"s:182:20:195:Infinity":61,"b:198:19:198:Infinity:199:20:201:Infinity":23,"b:211:7:211:Infinity:212:8:261:Infinity":24,"b:219:14:219:Infinity:221:14:258:Infinity":25,"f:234:39:234:40":13,"s:235:35:235:Infinity":62,"b:235:35:235:62:235:62:235:Infinity":26,"s:236:20:254:Infinity":63,"b:240:54:240:69:240:69:240:71":27,"b:242:29:242:45:242:45:242:49":28,"b:253:92:253:102:253:102:253:106":29,"b:264:7:264:Infinity:265:8:267:Infinity":30}}}
,"/mnt/d/progress/wawa_smart_erp/apps/desktop/src/services/notion.ts": {"path":"/mnt/d/progress/wawa_smart_erp/apps/desktop/src/services/notion.ts","statementMap":{"0":{"start":{"line":6,"column":25},"end":{"line":6,"column":null}},"1":{"start":{"line":7,"column":26},"end":{"line":7,"column":null}},"2":{"start":{"line":9,"column":19},"end":{"line":15,"column":null}},"3":{"start":{"line":10,"column":24},"end":{"line":10,"column":null}},"4":{"start":{"line":11,"column":2},"end":{"line":13,"column":null}},"5":{"start":{"line":11,"column":15},"end":{"line":11,"column":18}},"6":{"start":{"line":12,"column":4},"end":{"line":12,"column":null}},"7":{"start":{"line":14,"column":2},"end":{"line":14,"column":null}},"8":{"start":{"line":17,"column":14},"end":{"line":17,"column":null}},"9":{"start":{"line":17,"column":30},"end":{"line":17,"column":null}},"10":{"start":{"line":17,"column":53},"end":{"line":17,"column":76}},"11":{"start":{"line":19,"column":19},"end":{"line":21,"column":null}},"12":{"start":{"line":20,"column":2},"end":{"line":20,"column":null}},"13":{"start":{"line":23,"column":23},"end":{"line":23,"column":null}},"14":{"start":{"line":23,"column":29},"end":{"line":23,"column":null}},"15":{"start":{"line":25,"column":18},"end":{"line":28,"column":null}},"16":{"start":{"line":26,"column":19},"end":{"line":26,"column":null}},"17":{"start":{"line":27,"column":2},"end":{"line":27,"column":null}},"18":{"start":{"line":30,"column":17},"end":{"line":43,"column":null}},"19":{"start":{"line":31,"column":19},"end":{"line":31,"column":null}},"20":{"start":{"line":32,"column":2},"end":{"line":42,"column":null}},"21":{"start":{"line":45,"column":20},"end":{"line":99,"column":null}},"22":{"start":{"line":46,"column":14},"end":{"line":46,"column":null}},"23":{"start":{"line":47,"column":2},"end":{"line":49,"column":null}},"24":{"start":{"line":48,"column":4},"end":{"line":48,"column":null}},"25":{"start":{"line":51,"column":2},"end":{"line":51,"column":null}},"26":{"start":{"line":53,"column":2},"end":{"line":69,"column":null}},"27":{"start":{"line":54,"column":19},"end":{"line":60,"column":null}},"28":{"start":{"line":62,"column":4},"end":{"line":65,"column":null}},"29":{"start":{"line":63,"column":6},"end":{"line":63,"column":null}},"30":{"start":{"line":64,"column":6},"end":{"line":64,"column":null}},"31":{"start":{"line":67,"column":4},"end":{"line":67,"column":null}},"32":{"start":{"line":68,"column":4},"end":{"line":68,"column":null}},"33":{"start":{"line":72,"column":19},"end":{"line":79,"column":null}},"34":{"start":{"line":81,"column":2},"end":{"line":95,"column":null}},"35":{"start":{"line":83,"column":23},"end":{"line":83,"column":null}},"36":{"start":{"line":84,"column":4},"end":{"line":92,"column":null}},"37":{"start":{"line":85,"column":19},"end":{"line":85,"column":null}},"38":{"start":{"line":86,"column":6},"end":{"line":89,"column":null}},"39":{"start":{"line":87,"column":22},"end":{"line":87,"column":null}},"40":{"start":{"line":88,"column":8},"end":{"line":88,"column":null}},"41":{"start":{"line":93,"column":4},"end":{"line":93,"column":null}},"42":{"start":{"line":94,"column":4},"end":{"line":94,"column":null}},"43":{"start":{"line":97,"column":15},"end":{"line":97,"column":null}},"44":{"start":{"line":98,"column":2},"end":{"line":98,"column":null}},"45":{"start":{"line":101,"column":36},"end":{"line":150,"column":null}},"46":{"start":{"line":113,"column":43},"end":{"line":113,"column":null}},"47":{"start":{"line":114,"column":27},"end":{"line":114,"column":null}},"48":{"start":{"line":115,"column":24},"end":{"line":115,"column":null}},"49":{"start":{"line":117,"column":2},"end":{"line":121,"column":null}},"50":{"start":{"line":118,"column":4},"end":{"line":118,"column":null}},"51":{"start":{"line":120,"column":4},"end":{"line":120,"column":null}},"52":{"start":{"line":123,"column":17},"end":{"line":133,"column":null}},"53":{"start":{"line":124,"column":4},"end":{"line":124,"column":null}},"54":{"start":{"line":124,"column":15},"end":{"line":124,"column":null}},"55":{"start":{"line":125,"column":4},"end":{"line":125,"column":null}},"56":{"start":{"line":126,"column":4},"end":{"line":132,"column":null}},"57":{"start":{"line":127,"column":6},"end":{"line":127,"column":null}},"58":{"start":{"line":128,"column":6},"end":{"line":128,"column":null}},"59":{"start":{"line":130,"column":6},"end":{"line":130,"column":null}},"60":{"start":{"line":131,"column":6},"end":{"line":131,"column":null}},"61":{"start":{"line":135,"column":2},"end":{"line":135,"column":null}},"62":{"start":{"line":136,"column":2},"end":{"line":136,"column":null}},"63":{"start":{"line":137,"column":2},"end":{"line":137,"column":null}},"64":{"start":{"line":138,"column":2},"end":{"line":138,"column":null}},"65":{"start":{"line":139,"column":2},"end":{"line":139,"column":null}},"66":{"start":{"line":140,"column":2},"end":{"line":140,"column":null}},"67":{"start":{"line":141,"column":2},"end":{"line":141,"column":null}},"68":{"start":{"line":143,"column":25},"end":{"line":143,"column":null}},"69":{"start":{"line":145,"column":2},"end":{"line":149,"column":null}},"70":{"start":{"line":152,"column":29},"end":{"line":171,"column":null}},"71":{"start":{"line":153,"column":16},"end":{"line":153,"column":null}},"72":{"start":{"line":154,"column":2},"end":{"line":157,"column":null}},"73":{"start":{"line":155,"column":4},"end":{"line":155,"column":null}},"74":{"start":{"line":156,"column":4},"end":{"line":156,"column":null}},"75":{"start":{"line":158,"column":2},"end":{"line":170,"column":null}},"76":{"start":{"line":159,"column":17},"end":{"line":159,"column":null}},"77":{"start":{"line":160,"column":4},"end":{"line":166,"column":null}},"78":{"start":{"line":160,"column":44},"end":{"line":166,"column":6}},"79":{"start":{"line":163,"column":69},"end":{"line":163,"column":75}},"80":{"start":{"line":168,"column":4},"end":{"line":168,"column":null}},"81":{"start":{"line":169,"column":4},"end":{"line":169,"column":null}},"82":{"start":{"line":173,"column":29},"end":{"line":236,"column":null}},"83":{"start":{"line":174,"column":16},"end":{"line":174,"column":null}},"84":{"start":{"line":175,"column":2},"end":{"line":175,"column":null}},"85":{"start":{"line":175,"column":23},"end":{"line":175,"column":null}},"86":{"start":{"line":176,"column":2},"end":{"line":235,"column":null}},"87":{"start":{"line":177,"column":17},"end":{"line":180,"column":null}},"88":{"start":{"line":182,"column":4},"end":{"line":231,"column":null}},"89":{"start":{"line":184,"column":22},"end":{"line":184,"column":null}},"90":{"start":{"line":189,"column":21},"end":{"line":189,"column":null}},"91":{"start":{"line":190,"column":8},"end":{"line":190,"column":null}},"92":{"start":{"line":190,"column":19},"end":{"line":190,"column":null}},"93":{"start":{"line":193,"column":20},"end":{"line":193,"column":null}},"94":{"start":{"line":194,"column":26},"end":{"line":194,"column":null}},"95":{"start":{"line":195,"column":8},"end":{"line":210,"column":null}},"96":{"start":{"line":196,"column":10},"end":{"line":209,"column":null}},"97":{"start":{"line":196,"column":43},"end":{"line":196,"column":null}},"98":{"start":{"line":196,"column":77},"end":{"line":209,"column":null}},"99":{"start":{"line":197,"column":54},"end":{"line":197,"column":null}},"100":{"start":{"line":197,"column":99},"end":{"line":209,"column":null}},"101":{"start":{"line":198,"column":51},"end":{"line":198,"column":null}},"102":{"start":{"line":198,"column":99},"end":{"line":209,"column":null}},"103":{"start":{"line":199,"column":49},"end":{"line":199,"column":null}},"104":{"start":{"line":199,"column":86},"end":{"line":209,"column":null}},"105":{"start":{"line":201,"column":24},"end":{"line":201,"column":null}},"106":{"start":{"line":202,"column":12},"end":{"line":208,"column":null}},"107":{"start":{"line":203,"column":28},"end":{"line":203,"column":null}},"108":{"start":{"line":204,"column":14},"end":{"line":207,"column":null}},"109":{"start":{"line":204,"column":43},"end":{"line":204,"column":null}},"110":{"start":{"line":204,"column":73},"end":{"line":207,"column":null}},"111":{"start":{"line":205,"column":54},"end":{"line":205,"column":null}},"112":{"start":{"line":205,"column":95},"end":{"line":207,"column":null}},"113":{"start":{"line":206,"column":51},"end":{"line":206,"column":null}},"114":{"start":{"line":206,"column":95},"end":{"line":207,"column":null}},"115":{"start":{"line":207,"column":49},"end":{"line":207,"column":null}},"116":{"start":{"line":212,"column":8},"end":{"line":229,"column":null}},"117":{"start":{"line":220,"column":65},"end":{"line":220,"column":71}},"118":{"start":{"line":221,"column":64},"end":{"line":221,"column":68}},"119":{"start":{"line":231,"column":51},"end":{"line":231,"column":61}},"120":{"start":{"line":233,"column":4},"end":{"line":233,"column":null}},"121":{"start":{"line":234,"column":4},"end":{"line":234,"column":null}},"122":{"start":{"line":238,"column":29},"end":{"line":274,"column":null}},"123":{"start":{"line":239,"column":16},"end":{"line":239,"column":null}},"124":{"start":{"line":240,"column":2},"end":{"line":240,"column":null}},"125":{"start":{"line":240,"column":23},"end":{"line":240,"column":null}},"126":{"start":{"line":241,"column":2},"end":{"line":273,"column":null}},"127":{"start":{"line":242,"column":48},"end":{"line":259,"column":null}},"128":{"start":{"line":251,"column":53},"end":{"line":251,"column":67}},"129":{"start":{"line":260,"column":4},"end":{"line":260,"column":null}},"130":{"start":{"line":260,"column":26},"end":{"line":260,"column":null}},"131":{"start":{"line":261,"column":4},"end":{"line":263,"column":null}},"132":{"start":{"line":262,"column":6},"end":{"line":262,"column":null}},"133":{"start":{"line":262,"column":94},"end":{"line":262,"column":101}},"134":{"start":{"line":265,"column":17},"end":{"line":268,"column":null}},"135":{"start":{"line":269,"column":4},"end":{"line":269,"column":null}},"136":{"start":{"line":271,"column":4},"end":{"line":271,"column":null}},"137":{"start":{"line":272,"column":4},"end":{"line":272,"column":null}},"138":{"start":{"line":276,"column":29},"end":{"line":296,"column":null}},"139":{"start":{"line":277,"column":16},"end":{"line":277,"column":null}},"140":{"start":{"line":278,"column":2},"end":{"line":278,"column":null}},"141":{"start":{"line":278,"column":23},"end":{"line":278,"column":null}},"142":{"start":{"line":279,"column":2},"end":{"line":295,"column":null}},"143":{"start":{"line":280,"column":48},"end":{"line":280,"column":null}},"144":{"start":{"line":281,"column":4},"end":{"line":281,"column":null}},"145":{"start":{"line":281,"column":22},"end":{"line":281,"column":null}},"146":{"start":{"line":282,"column":4},"end":{"line":282,"column":null}},"147":{"start":{"line":282,"column":23},"end":{"line":282,"column":null}},"148":{"start":{"line":283,"column":4},"end":{"line":283,"column":null}},"149":{"start":{"line":283,"column":26},"end":{"line":283,"column":null}},"150":{"start":{"line":283,"column":117},"end":{"line":283,"column":129}},"151":{"start":{"line":286,"column":4},"end":{"line":286,"column":null}},"152":{"start":{"line":286,"column":40},"end":{"line":286,"column":null}},"153":{"start":{"line":288,"column":4},"end":{"line":288,"column":null}},"154":{"start":{"line":288,"column":28},"end":{"line":288,"column":null}},"155":{"start":{"line":288,"column":116},"end":{"line":288,"column":123}},"156":{"start":{"line":290,"column":4},"end":{"line":290,"column":null}},"157":{"start":{"line":291,"column":4},"end":{"line":291,"column":null}},"158":{"start":{"line":293,"column":4},"end":{"line":293,"column":null}},"159":{"start":{"line":294,"column":4},"end":{"line":294,"column":null}},"160":{"start":{"line":298,"column":29},"end":{"line":306,"column":null}},"161":{"start":{"line":299,"column":2},"end":{"line":305,"column":null}},"162":{"start":{"line":300,"column":4},"end":{"line":300,"column":null}},"163":{"start":{"line":301,"column":4},"end":{"line":301,"column":null}},"164":{"start":{"line":303,"column":4},"end":{"line":303,"column":null}},"165":{"start":{"line":304,"column":4},"end":{"line":304,"column":null}},"166":{"start":{"line":308,"column":25},"end":{"line":362,"column":null}},"167":{"start":{"line":318,"column":16},"end":{"line":318,"column":null}},"168":{"start":{"line":319,"column":2},"end":{"line":319,"column":null}},"169":{"start":{"line":319,"column":21},"end":{"line":319,"column":null}},"170":{"start":{"line":320,"column":2},"end":{"line":361,"column":null}},"171":{"start":{"line":321,"column":21},"end":{"line":332,"column":null}},"172":{"start":{"line":334,"column":48},"end":{"line":340,"column":null}},"173":{"start":{"line":341,"column":4},"end":{"line":341,"column":null}},"174":{"start":{"line":341,"column":20},"end":{"line":341,"column":null}},"175":{"start":{"line":343,"column":4},"end":{"line":356,"column":null}},"176":{"start":{"line":344,"column":6},"end":{"line":347,"column":null}},"177":{"start":{"line":349,"column":6},"end":{"line":355,"column":null}},"178":{"start":{"line":357,"column":4},"end":{"line":357,"column":null}},"179":{"start":{"line":359,"column":4},"end":{"line":359,"column":null}},"180":{"start":{"line":360,"column":4},"end":{"line":360,"column":null}},"181":{"start":{"line":364,"column":27},"end":{"line":421,"column":null}},"182":{"start":{"line":365,"column":16},"end":{"line":365,"column":null}},"183":{"start":{"line":366,"column":2},"end":{"line":366,"column":null}},"184":{"start":{"line":366,"column":21},"end":{"line":366,"column":null}},"185":{"start":{"line":367,"column":2},"end":{"line":420,"column":null}},"186":{"start":{"line":368,"column":17},"end":{"line":371,"column":null}},"187":{"start":{"line":376,"column":22},"end":{"line":376,"column":null}},"188":{"start":{"line":377,"column":4},"end":{"line":415,"column":null}},"189":{"start":{"line":378,"column":24},"end":{"line":378,"column":null}},"190":{"start":{"line":379,"column":6},"end":{"line":382,"column":null}},"191":{"start":{"line":380,"column":8},"end":{"line":380,"column":null}},"192":{"start":{"line":381,"column":8},"end":{"line":381,"column":null}},"193":{"start":{"line":384,"column":6},"end":{"line":395,"column":null}},"194":{"start":{"line":385,"column":8},"end":{"line":394,"column":null}},"195":{"start":{"line":397,"column":21},"end":{"line":397,"column":null}},"196":{"start":{"line":398,"column":22},"end":{"line":398,"column":null}},"197":{"start":{"line":399,"column":22},"end":{"line":399,"column":null}},"198":{"start":{"line":401,"column":6},"end":{"line":414,"column":null}},"199":{"start":{"line":403,"column":8},"end":{"line":403,"column":null}},"200":{"start":{"line":405,"column":8},"end":{"line":413,"column":null}},"201":{"start":{"line":416,"column":4},"end":{"line":416,"column":null}},"202":{"start":{"line":418,"column":4},"end":{"line":418,"column":null}},"203":{"start":{"line":419,"column":4},"end":{"line":419,"column":null}},"204":{"start":{"line":423,"column":26},"end":{"line":443,"column":null}},"205":{"start":{"line":424,"column":16},"end":{"line":424,"column":null}},"206":{"start":{"line":425,"column":2},"end":{"line":425,"column":null}},"207":{"start":{"line":425,"column":20},"end":{"line":425,"column":null}},"208":{"start":{"line":426,"column":2},"end":{"line":442,"column":null}},"209":{"start":{"line":427,"column":19},"end":{"line":427,"column":null}},"210":{"start":{"line":428,"column":17},"end":{"line":428,"column":null}},"211":{"start":{"line":429,"column":4},"end":{"line":438,"column":null}},"212":{"start":{"line":429,"column":44},"end":{"line":438,"column":6}},"213":{"start":{"line":440,"column":4},"end":{"line":440,"column":null}},"214":{"start":{"line":441,"column":4},"end":{"line":441,"column":null}},"215":{"start":{"line":445,"column":31},"end":{"line":467,"column":null}},"216":{"start":{"line":446,"column":16},"end":{"line":446,"column":null}},"217":{"start":{"line":447,"column":2},"end":{"line":447,"column":null}},"218":{"start":{"line":447,"column":20},"end":{"line":447,"column":null}},"219":{"start":{"line":448,"column":2},"end":{"line":466,"column":null}},"220":{"start":{"line":449,"column":17},"end":{"line":461,"column":null}},"221":{"start":{"line":462,"column":4},"end":{"line":462,"column":null}},"222":{"start":{"line":464,"column":4},"end":{"line":464,"column":null}},"223":{"start":{"line":465,"column":4},"end":{"line":465,"column":null}},"224":{"start":{"line":469,"column":36},"end":{"line":484,"column":null}},"225":{"start":{"line":470,"column":2},"end":{"line":483,"column":null}},"226":{"start":{"line":471,"column":4},"end":{"line":478,"column":null}},"227":{"start":{"line":479,"column":4},"end":{"line":479,"column":null}},"228":{"start":{"line":481,"column":4},"end":{"line":481,"column":null}},"229":{"start":{"line":482,"column":4},"end":{"line":482,"column":null}},"230":{"start":{"line":486,"column":34},"end":{"line":517,"column":null}},"231":{"start":{"line":487,"column":16},"end":{"line":487,"column":null}},"232":{"start":{"line":488,"column":2},"end":{"line":488,"column":null}},"233":{"start":{"line":488,"column":27},"end":{"line":488,"column":null}},"234":{"start":{"line":489,"column":2},"end":{"line":516,"column":null}},"235":{"start":{"line":492,"column":17},"end":{"line":495,"column":null}},"236":{"start":{"line":497,"column":4},"end":{"line":512,"column":null}},"237":{"start":{"line":499,"column":22},"end":{"line":499,"column":null}},"238":{"start":{"line":500,"column":23},"end":{"line":502,"column":null}},"239":{"start":{"line":504,"column":8},"end":{"line":510,"column":null}},"240":{"start":{"line":512,"column":26},"end":{"line":512,"column":51}},"241":{"start":{"line":514,"column":4},"end":{"line":514,"column":null}},"242":{"start":{"line":515,"column":4},"end":{"line":515,"column":null}},"243":{"start":{"line":519,"column":40},"end":{"line":572,"column":null}},"244":{"start":{"line":524,"column":16},"end":{"line":524,"column":null}},"245":{"start":{"line":525,"column":2},"end":{"line":525,"column":null}},"246":{"start":{"line":525,"column":27},"end":{"line":525,"column":null}},"247":{"start":{"line":527,"column":2},"end":{"line":571,"column":null}},"248":{"start":{"line":529,"column":26},"end":{"line":529,"column":null}},"249":{"start":{"line":531,"column":20},"end":{"line":566,"column":null}},"250":{"start":{"line":533,"column":23},"end":{"line":543,"column":null}},"251":{"start":{"line":545,"column":6},"end":{"line":565,"column":null}},"252":{"start":{"line":546,"column":8},"end":{"line":551,"column":null}},"253":{"start":{"line":553,"column":8},"end":{"line":564,"column":null}},"254":{"start":{"line":567,"column":4},"end":{"line":567,"column":null}},"255":{"start":{"line":569,"column":4},"end":{"line":569,"column":null}},"256":{"start":{"line":570,"column":4},"end":{"line":570,"column":null}},"257":{"start":{"line":575,"column":27},"end":{"line":591,"column":null}},"258":{"start":{"line":576,"column":16},"end":{"line":576,"column":null}},"259":{"start":{"line":577,"column":2},"end":{"line":580,"column":null}},"260":{"start":{"line":578,"column":4},"end":{"line":578,"column":null}},"261":{"start":{"line":579,"column":4},"end":{"line":579,"column":null}},"262":{"start":{"line":581,"column":2},"end":{"line":590,"column":null}},"263":{"start":{"line":582,"column":17},"end":{"line":585,"column":null}},"264":{"start":{"line":586,"column":4},"end":{"line":586,"column":null}},"265":{"start":{"line":588,"column":4},"end":{"line":588,"column":null}},"266":{"start":{"line":589,"column":4},"end":{"line":589,"column":null}},"267":{"start":{"line":594,"column":26},"end":{"line":608,"column":null}},"268":{"start":{"line":595,"column":16},"end":{"line":595,"column":null}},"269":{"start":{"line":596,"column":2},"end":{"line":607,"column":null}},"270":{"start":{"line":610,"column":32},"end":{"line":623,"column":null}},"271":{"start":{"line":611,"column":16},"end":{"line":611,"column":null}},"272":{"start":{"line":612,"column":2},"end":{"line":612,"column":null}},"273":{"start":{"line":612,"column":25},"end":{"line":612,"column":null}},"274":{"start":{"line":613,"column":2},"end":{"line":622,"column":null}},"275":{"start":{"line":614,"column":17},"end":{"line":617,"column":null}},"276":{"start":{"line":618,"column":4},"end":{"line":618,"column":null}},"277":{"start":{"line":620,"column":4},"end":{"line":620,"column":null}},"278":{"start":{"line":621,"column":4},"end":{"line":621,"column":null}},"279":{"start":{"line":625,"column":41},"end":{"line":644,"column":null}},"280":{"start":{"line":626,"column":16},"end":{"line":626,"column":null}},"281":{"start":{"line":627,"column":2},"end":{"line":627,"column":null}},"282":{"start":{"line":627,"column":25},"end":{"line":627,"column":null}},"283":{"start":{"line":628,"column":2},"end":{"line":643,"column":null}},"284":{"start":{"line":629,"column":17},"end":{"line":638,"column":null}},"285":{"start":{"line":639,"column":4},"end":{"line":639,"column":null}},"286":{"start":{"line":641,"column":4},"end":{"line":641,"column":null}},"287":{"start":{"line":642,"column":4},"end":{"line":642,"column":null}},"288":{"start":{"line":646,"column":40},"end":{"line":718,"column":null}},"289":{"start":{"line":650,"column":16},"end":{"line":650,"column":null}},"290":{"start":{"line":651,"column":2},"end":{"line":651,"column":null}},"291":{"start":{"line":651,"column":25},"end":{"line":651,"column":null}},"292":{"start":{"line":653,"column":2},"end":{"line":717,"column":null}},"293":{"start":{"line":655,"column":32},"end":{"line":655,"column":null}},"294":{"start":{"line":658,"column":30},"end":{"line":662,"column":null}},"295":{"start":{"line":660,"column":21},"end":{"line":660,"column":45}},"296":{"start":{"line":661,"column":18},"end":{"line":661,"column":41}},"297":{"start":{"line":665,"column":24},"end":{"line":665,"column":null}},"298":{"start":{"line":666,"column":4},"end":{"line":669,"column":null}},"299":{"start":{"line":667,"column":18},"end":{"line":667,"column":null}},"300":{"start":{"line":668,"column":6},"end":{"line":668,"column":null}},"301":{"start":{"line":672,"column":21},"end":{"line":672,"column":null}},"302":{"start":{"line":672,"column":53},"end":{"line":672,"column":100}},"303":{"start":{"line":673,"column":4},"end":{"line":675,"column":null}},"304":{"start":{"line":674,"column":6},"end":{"line":674,"column":null}},"305":{"start":{"line":678,"column":4},"end":{"line":711,"column":null}},"306":{"start":{"line":679,"column":6},"end":{"line":679,"column":null}},"307":{"start":{"line":679,"column":38},"end":{"line":679,"column":null}},"308":{"start":{"line":681,"column":18},"end":{"line":681,"column":null}},"309":{"start":{"line":682,"column":23},"end":{"line":682,"column":null}},"310":{"start":{"line":684,"column":50},"end":{"line":689,"column":null}},"311":{"start":{"line":691,"column":6},"end":{"line":710,"column":null}},"312":{"start":{"line":693,"column":8},"end":{"line":696,"column":null}},"313":{"start":{"line":699,"column":8},"end":{"line":709,"column":null}},"314":{"start":{"line":713,"column":4},"end":{"line":713,"column":null}},"315":{"start":{"line":715,"column":4},"end":{"line":715,"column":null}},"316":{"start":{"line":716,"column":4},"end":{"line":716,"column":null}},"317":{"start":{"line":722,"column":34},"end":{"line":754,"column":null}},"318":{"start":{"line":723,"column":16},"end":{"line":723,"column":null}},"319":{"start":{"line":724,"column":2},"end":{"line":724,"column":null}},"320":{"start":{"line":724,"column":21},"end":{"line":724,"column":null}},"321":{"start":{"line":725,"column":2},"end":{"line":753,"column":null}},"322":{"start":{"line":726,"column":19},"end":{"line":728,"column":null}},"323":{"start":{"line":729,"column":17},"end":{"line":732,"column":null}},"324":{"start":{"line":733,"column":4},"end":{"line":749,"column":null}},"325":{"start":{"line":734,"column":20},"end":{"line":734,"column":null}},"326":{"start":{"line":735,"column":6},"end":{"line":748,"column":null}},"327":{"start":{"line":751,"column":4},"end":{"line":751,"column":null}},"328":{"start":{"line":752,"column":4},"end":{"line":752,"column":null}},"329":{"start":{"line":756,"column":34},"end":{"line":792,"column":null}},"330":{"start":{"line":767,"column":16},"end":{"line":767,"column":null}},"331":{"start":{"line":768,"column":2},"end":{"line":768,"column":null}},"332":{"start":{"line":768,"column":21},"end":{"line":768,"column":null}},"333":{"start":{"line":769,"column":2},"end":{"line":791,"column":null}},"334":{"start":{"line":770,"column":48},"end":{"line":777,"column":null}},"335":{"start":{"line":778,"column":4},"end":{"line":778,"column":null}},"336":{"start":{"line":778,"column":26},"end":{"line":778,"column":null}},"337":{"start":{"line":779,"column":4},"end":{"line":779,"column":null}},"338":{"start":{"line":779,"column":27},"end":{"line":779,"column":null}},"339":{"start":{"line":780,"column":4},"end":{"line":780,"column":null}},"340":{"start":{"line":780,"column":27},"end":{"line":780,"column":null}},"341":{"start":{"line":781,"column":4},"end":{"line":781,"column":null}},"342":{"start":{"line":781,"column":21},"end":{"line":781,"column":null}},"343":{"start":{"line":783,"column":17},"end":{"line":786,"column":null}},"344":{"start":{"line":787,"column":4},"end":{"line":787,"column":null}},"345":{"start":{"line":789,"column":4},"end":{"line":789,"column":null}},"346":{"start":{"line":790,"column":4},"end":{"line":790,"column":null}},"347":{"start":{"line":794,"column":34},"end":{"line":813,"column":null}},"348":{"start":{"line":800,"column":2},"end":{"line":812,"column":null}},"349":{"start":{"line":801,"column":48},"end":{"line":801,"column":null}},"350":{"start":{"line":802,"column":4},"end":{"line":802,"column":null}},"351":{"start":{"line":802,"column":42},"end":{"line":802,"column":null}},"352":{"start":{"line":803,"column":4},"end":{"line":803,"column":null}},"353":{"start":{"line":803,"column":42},"end":{"line":803,"column":null}},"354":{"start":{"line":804,"column":4},"end":{"line":804,"column":null}},"355":{"start":{"line":804,"column":24},"end":{"line":804,"column":null}},"356":{"start":{"line":805,"column":4},"end":{"line":805,"column":null}},"357":{"start":{"line":805,"column":36},"end":{"line":805,"column":null}},"358":{"start":{"line":807,"column":4},"end":{"line":807,"column":null}},"359":{"start":{"line":808,"column":4},"end":{"line":808,"column":null}},"360":{"start":{"line":810,"column":4},"end":{"line":810,"column":null}},"361":{"start":{"line":811,"column":4},"end":{"line":811,"column":null}},"362":{"start":{"line":815,"column":34},"end":{"line":823,"column":null}},"363":{"start":{"line":816,"column":2},"end":{"line":822,"column":null}},"364":{"start":{"line":817,"column":4},"end":{"line":817,"column":null}},"365":{"start":{"line":818,"column":4},"end":{"line":818,"column":null}},"366":{"start":{"line":820,"column":4},"end":{"line":820,"column":null}},"367":{"start":{"line":821,"column":4},"end":{"line":821,"column":null}},"368":{"start":{"line":827,"column":31},"end":{"line":864,"column":null}},"369":{"start":{"line":828,"column":16},"end":{"line":828,"column":null}},"370":{"start":{"line":829,"column":2},"end":{"line":829,"column":null}},"371":{"start":{"line":829,"column":25},"end":{"line":829,"column":null}},"372":{"start":{"line":830,"column":2},"end":{"line":863,"column":null}},"373":{"start":{"line":831,"column":17},"end":{"line":852,"column":null}},"374":{"start":{"line":853,"column":4},"end":{"line":859,"column":null}},"375":{"start":{"line":853,"column":44},"end":{"line":859,"column":6}},"376":{"start":{"line":861,"column":4},"end":{"line":861,"column":null}},"377":{"start":{"line":862,"column":4},"end":{"line":862,"column":null}},"378":{"start":{"line":866,"column":29},"end":{"line":889,"column":null}},"379":{"start":{"line":867,"column":16},"end":{"line":867,"column":null}},"380":{"start":{"line":868,"column":2},"end":{"line":868,"column":null}},"381":{"start":{"line":868,"column":25},"end":{"line":868,"column":null}},"382":{"start":{"line":869,"column":2},"end":{"line":888,"column":null}},"383":{"start":{"line":870,"column":17},"end":{"line":880,"column":null}},"384":{"start":{"line":881,"column":4},"end":{"line":884,"column":null}},"385":{"start":{"line":886,"column":4},"end":{"line":886,"column":null}},"386":{"start":{"line":887,"column":4},"end":{"line":887,"column":null}},"387":{"start":{"line":891,"column":36},"end":{"line":919,"column":null}},"388":{"start":{"line":892,"column":16},"end":{"line":892,"column":null}},"389":{"start":{"line":893,"column":2},"end":{"line":893,"column":null}},"390":{"start":{"line":893,"column":25},"end":{"line":893,"column":null}},"391":{"start":{"line":894,"column":2},"end":{"line":918,"column":null}},"392":{"start":{"line":895,"column":17},"end":{"line":907,"column":null}},"393":{"start":{"line":908,"column":4},"end":{"line":914,"column":null}},"394":{"start":{"line":908,"column":44},"end":{"line":914,"column":6}},"395":{"start":{"line":916,"column":4},"end":{"line":916,"column":null}},"396":{"start":{"line":917,"column":4},"end":{"line":917,"column":null}},"397":{"start":{"line":921,"column":21},"end":{"line":946,"column":null}}},"fnMap":{"0":{"name":"(anonymous_0)","decl":{"start":{"line":9,"column":19},"end":{"line":9,"column":23}},"loc":{"start":{"line":9,"column":59},"end":{"line":15,"column":null}},"line":9},"1":{"name":"(anonymous_1)","decl":{"start":{"line":17,"column":14},"end":{"line":17,"column":15}},"loc":{"start":{"line":17,"column":30},"end":{"line":17,"column":null}},"line":17},"2":{"name":"(anonymous_2)","decl":{"start":{"line":17,"column":42},"end":{"line":17,"column":53}},"loc":{"start":{"line":17,"column":53},"end":{"line":17,"column":76}},"line":17},"3":{"name":"(anonymous_3)","decl":{"start":{"line":19,"column":19},"end":{"line":19,"column":34}},"loc":{"start":{"line":19,"column":34},"end":{"line":21,"column":null}},"line":19},"4":{"name":"(anonymous_4)","decl":{"start":{"line":23,"column":23},"end":{"line":23,"column":29}},"loc":{"start":{"line":23,"column":29},"end":{"line":23,"column":null}},"line":23},"5":{"name":"(anonymous_5)","decl":{"start":{"line":25,"column":18},"end":{"line":25,"column":32}},"loc":{"start":{"line":25,"column":32},"end":{"line":28,"column":null}},"line":25},"6":{"name":"(anonymous_6)","decl":{"start":{"line":30,"column":17},"end":{"line":30,"column":23}},"loc":{"start":{"line":30,"column":23},"end":{"line":43,"column":null}},"line":30},"7":{"name":"(anonymous_7)","decl":{"start":{"line":45,"column":20},"end":{"line":45,"column":27}},"loc":{"start":{"line":45,"column":92},"end":{"line":99,"column":null}},"line":45},"8":{"name":"(anonymous_8)","decl":{"start":{"line":101,"column":36},"end":{"line":101,"column":null}},"loc":{"start":{"line":112,"column":5},"end":{"line":150,"column":null}},"line":112},"9":{"name":"(anonymous_9)","decl":{"start":{"line":123,"column":17},"end":{"line":123,"column":24}},"loc":{"start":{"line":123,"column":56},"end":{"line":133,"column":null}},"line":123},"10":{"name":"(anonymous_10)","decl":{"start":{"line":152,"column":29},"end":{"line":152,"column":61}},"loc":{"start":{"line":152,"column":61},"end":{"line":171,"column":null}},"line":152},"11":{"name":"(anonymous_11)","decl":{"start":{"line":160,"column":28},"end":{"line":160,"column":29}},"loc":{"start":{"line":160,"column":44},"end":{"line":166,"column":6}},"line":160},"12":{"name":"(anonymous_12)","decl":{"start":{"line":163,"column":57},"end":{"line":163,"column":58}},"loc":{"start":{"line":163,"column":69},"end":{"line":163,"column":75}},"line":163},"13":{"name":"(anonymous_13)","decl":{"start":{"line":173,"column":29},"end":{"line":173,"column":61}},"loc":{"start":{"line":173,"column":61},"end":{"line":236,"column":null}},"line":173},"14":{"name":"(anonymous_14)","decl":{"start":{"line":183,"column":11},"end":{"line":183,"column":12}},"loc":{"start":{"line":183,"column":26},"end":{"line":230,"column":7}},"line":183},"15":{"name":"(anonymous_15)","decl":{"start":{"line":220,"column":53},"end":{"line":220,"column":54}},"loc":{"start":{"line":220,"column":65},"end":{"line":220,"column":71}},"line":220},"16":{"name":"(anonymous_16)","decl":{"start":{"line":221,"column":52},"end":{"line":221,"column":53}},"loc":{"start":{"line":221,"column":64},"end":{"line":221,"column":68}},"line":221},"17":{"name":"(anonymous_17)","decl":{"start":{"line":231,"column":14},"end":{"line":231,"column":15}},"loc":{"start":{"line":231,"column":51},"end":{"line":231,"column":61}},"line":231},"18":{"name":"(anonymous_18)","decl":{"start":{"line":238,"column":29},"end":{"line":238,"column":36}},"loc":{"start":{"line":238,"column":126},"end":{"line":274,"column":null}},"line":238},"19":{"name":"(anonymous_19)","decl":{"start":{"line":251,"column":43},"end":{"line":251,"column":44}},"loc":{"start":{"line":251,"column":53},"end":{"line":251,"column":67}},"line":251},"20":{"name":"(anonymous_20)","decl":{"start":{"line":262,"column":87},"end":{"line":262,"column":94}},"loc":{"start":{"line":262,"column":94},"end":{"line":262,"column":101}},"line":262},"21":{"name":"(anonymous_21)","decl":{"start":{"line":276,"column":29},"end":{"line":276,"column":36}},"loc":{"start":{"line":276,"column":114},"end":{"line":296,"column":null}},"line":276},"22":{"name":"(anonymous_22)","decl":{"start":{"line":283,"column":109},"end":{"line":283,"column":110}},"loc":{"start":{"line":283,"column":117},"end":{"line":283,"column":129}},"line":283},"23":{"name":"(anonymous_23)","decl":{"start":{"line":288,"column":109},"end":{"line":288,"column":116}},"loc":{"start":{"line":288,"column":116},"end":{"line":288,"column":123}},"line":288},"24":{"name":"(anonymous_24)","decl":{"start":{"line":298,"column":29},"end":{"line":298,"column":36}},"loc":{"start":{"line":298,"column":87},"end":{"line":306,"column":null}},"line":298},"25":{"name":"(anonymous_25)","decl":{"start":{"line":308,"column":25},"end":{"line":308,"column":null}},"loc":{"start":{"line":317,"column":34},"end":{"line":362,"column":null}},"line":317},"26":{"name":"(anonymous_26)","decl":{"start":{"line":364,"column":27},"end":{"line":364,"column":34}},"loc":{"start":{"line":364,"column":82},"end":{"line":421,"column":null}},"line":364},"27":{"name":"(anonymous_27)","decl":{"start":{"line":423,"column":26},"end":{"line":423,"column":33}},"loc":{"start":{"line":423,"column":73},"end":{"line":443,"column":null}},"line":423},"28":{"name":"(anonymous_28)","decl":{"start":{"line":429,"column":28},"end":{"line":429,"column":29}},"loc":{"start":{"line":429,"column":44},"end":{"line":438,"column":6}},"line":429},"29":{"name":"(anonymous_29)","decl":{"start":{"line":445,"column":31},"end":{"line":445,"column":38}},"loc":{"start":{"line":445,"column":106},"end":{"line":467,"column":null}},"line":445},"30":{"name":"(anonymous_30)","decl":{"start":{"line":469,"column":36},"end":{"line":469,"column":43}},"loc":{"start":{"line":469,"column":120},"end":{"line":484,"column":null}},"line":469},"31":{"name":"(anonymous_31)","decl":{"start":{"line":486,"column":34},"end":{"line":486,"column":41}},"loc":{"start":{"line":486,"column":88},"end":{"line":517,"column":null}},"line":486},"32":{"name":"(anonymous_32)","decl":{"start":{"line":498,"column":11},"end":{"line":498,"column":12}},"loc":{"start":{"line":498,"column":26},"end":{"line":511,"column":7}},"line":498},"33":{"name":"(anonymous_33)","decl":{"start":{"line":512,"column":14},"end":{"line":512,"column":15}},"loc":{"start":{"line":512,"column":26},"end":{"line":512,"column":51}},"line":512},"34":{"name":"(anonymous_34)","decl":{"start":{"line":519,"column":40},"end":{"line":519,"column":null}},"loc":{"start":{"line":523,"column":34},"end":{"line":572,"column":null}},"line":523},"35":{"name":"(anonymous_35)","decl":{"start":{"line":531,"column":53},"end":{"line":531,"column":60}},"loc":{"start":{"line":531,"column":74},"end":{"line":566,"column":5}},"line":531},"36":{"name":"(anonymous_36)","decl":{"start":{"line":575,"column":27},"end":{"line":575,"column":39}},"loc":{"start":{"line":575,"column":39},"end":{"line":591,"column":null}},"line":575},"37":{"name":"(anonymous_37)","decl":{"start":{"line":594,"column":26},"end":{"line":594,"column":27}},"loc":{"start":{"line":594,"column":53},"end":{"line":608,"column":null}},"line":594},"38":{"name":"(anonymous_38)","decl":{"start":{"line":610,"column":32},"end":{"line":610,"column":67}},"loc":{"start":{"line":610,"column":67},"end":{"line":623,"column":null}},"line":610},"39":{"name":"(anonymous_39)","decl":{"start":{"line":625,"column":41},"end":{"line":625,"column":48}},"loc":{"start":{"line":625,"column":93},"end":{"line":644,"column":null}},"line":625},"40":{"name":"(anonymous_40)","decl":{"start":{"line":646,"column":40},"end":{"line":646,"column":null}},"loc":{"start":{"line":649,"column":34},"end":{"line":718,"column":null}},"line":649},"41":{"name":"(anonymous_41)","decl":{"start":{"line":660,"column":16},"end":{"line":660,"column":21}},"loc":{"start":{"line":660,"column":21},"end":{"line":660,"column":45}},"line":660},"42":{"name":"(anonymous_42)","decl":{"start":{"line":661,"column":13},"end":{"line":661,"column":18}},"loc":{"start":{"line":661,"column":18},"end":{"line":661,"column":41}},"line":661},"43":{"name":"(anonymous_43)","decl":{"start":{"line":672,"column":48},"end":{"line":672,"column":53}},"loc":{"start":{"line":672,"column":53},"end":{"line":672,"column":100}},"line":672},"44":{"name":"(anonymous_44)","decl":{"start":{"line":673,"column":35},"end":{"line":673,"column":null}},"loc":{"start":{"line":674,"column":6},"end":{"line":674,"column":null}},"line":674},"45":{"name":"(anonymous_45)","decl":{"start":{"line":678,"column":38},"end":{"line":678,"column":45}},"loc":{"start":{"line":678,"column":51},"end":{"line":711,"column":5}},"line":678},"46":{"name":"(anonymous_46)","decl":{"start":{"line":722,"column":34},"end":{"line":722,"column":41}},"loc":{"start":{"line":722,"column":92},"end":{"line":754,"column":null}},"line":722},"47":{"name":"(anonymous_47)","decl":{"start":{"line":733,"column":28},"end":{"line":733,"column":29}},"loc":{"start":{"line":733,"column":43},"end":{"line":749,"column":5}},"line":733},"48":{"name":"(anonymous_48)","decl":{"start":{"line":756,"column":34},"end":{"line":756,"column":41}},"loc":{"start":{"line":766,"column":40},"end":{"line":792,"column":null}},"line":766},"49":{"name":"(anonymous_49)","decl":{"start":{"line":794,"column":34},"end":{"line":794,"column":41}},"loc":{"start":{"line":799,"column":35},"end":{"line":813,"column":null}},"line":799},"50":{"name":"(anonymous_50)","decl":{"start":{"line":815,"column":34},"end":{"line":815,"column":41}},"loc":{"start":{"line":815,"column":85},"end":{"line":823,"column":null}},"line":815},"51":{"name":"(anonymous_51)","decl":{"start":{"line":827,"column":31},"end":{"line":827,"column":38}},"loc":{"start":{"line":827,"column":102},"end":{"line":864,"column":null}},"line":827},"52":{"name":"(anonymous_52)","decl":{"start":{"line":853,"column":28},"end":{"line":853,"column":29}},"loc":{"start":{"line":853,"column":44},"end":{"line":859,"column":6}},"line":853},"53":{"name":"(anonymous_53)","decl":{"start":{"line":866,"column":29},"end":{"line":866,"column":36}},"loc":{"start":{"line":866,"column":129},"end":{"line":889,"column":null}},"line":866},"54":{"name":"(anonymous_54)","decl":{"start":{"line":891,"column":36},"end":{"line":891,"column":43}},"loc":{"start":{"line":891,"column":88},"end":{"line":919,"column":null}},"line":891},"55":{"name":"(anonymous_55)","decl":{"start":{"line":908,"column":28},"end":{"line":908,"column":29}},"loc":{"start":{"line":908,"column":44},"end":{"line":914,"column":6}},"line":908}},"branchMap":{"0":{"loc":{"start":{"line":20,"column":12},"end":{"line":20,"column":null}},"type":"binary-expr","locations":[{"start":{"line":20,"column":12},"end":{"line":20,"column":30}},{"start":{"line":20,"column":30},"end":{"line":20,"column":null}}],"line":20},"1":{"loc":{"start":{"line":27,"column":9},"end":{"line":27,"column":null}},"type":"binary-expr","locations":[{"start":{"line":27,"column":9},"end":{"line":27,"column":34}},{"start":{"line":27,"column":34},"end":{"line":27,"column":null}}],"line":27},"2":{"loc":{"start":{"line":33,"column":14},"end":{"line":33,"column":null}},"type":"binary-expr","locations":[{"start":{"line":33,"column":14},"end":{"line":33,"column":43}},{"start":{"line":33,"column":43},"end":{"line":33,"column":null}}],"line":33},"3":{"loc":{"start":{"line":34,"column":14},"end":{"line":34,"column":null}},"type":"binary-expr","locations":[{"start":{"line":34,"column":14},"end":{"line":34,"column":43}},{"start":{"line":34,"column":43},"end":{"line":34,"column":null}}],"line":34},"4":{"loc":{"start":{"line":35,"column":12},"end":{"line":35,"column":null}},"type":"binary-expr","locations":[{"start":{"line":35,"column":12},"end":{"line":35,"column":39}},{"start":{"line":35,"column":39},"end":{"line":35,"column":null}}],"line":35},"5":{"loc":{"start":{"line":36,"column":11},"end":{"line":36,"column":null}},"type":"binary-expr","locations":[{"start":{"line":36,"column":11},"end":{"line":36,"column":37}},{"start":{"line":36,"column":37},"end":{"line":36,"column":null}}],"line":36},"6":{"loc":{"start":{"line":37,"column":20},"end":{"line":37,"column":null}},"type":"binary-expr","locations":[{"start":{"line":37,"column":20},"end":{"line":37,"column":55}},{"start":{"line":37,"column":55},"end":{"line":37,"column":null}}],"line":37},"7":{"loc":{"start":{"line":38,"column":18},"end":{"line":38,"column":null}},"type":"binary-expr","locations":[{"start":{"line":38,"column":18},"end":{"line":38,"column":51}},{"start":{"line":38,"column":51},"end":{"line":38,"column":null}}],"line":38},"8":{"loc":{"start":{"line":39,"column":16},"end":{"line":39,"column":null}},"type":"binary-expr","locations":[{"start":{"line":39,"column":16},"end":{"line":39,"column":47}},{"start":{"line":39,"column":47},"end":{"line":39,"column":null}}],"line":39},"9":{"loc":{"start":{"line":40,"column":12},"end":{"line":40,"column":null}},"type":"binary-expr","locations":[{"start":{"line":40,"column":12},"end":{"line":40,"column":39}},{"start":{"line":40,"column":39},"end":{"line":40,"column":null}}],"line":40},"10":{"loc":{"start":{"line":41,"column":16},"end":{"line":41,"column":null}},"type":"binary-expr","locations":[{"start":{"line":41,"column":16},"end":{"line":41,"column":47}},{"start":{"line":41,"column":47},"end":{"line":41,"column":null}}],"line":41},"11":{"loc":{"start":{"line":45,"column":45},"end":{"line":45,"column":72}},"type":"default-arg","locations":[{"start":{"line":45,"column":68},"end":{"line":45,"column":72}}],"line":45},"12":{"loc":{"start":{"line":46,"column":14},"end":{"line":46,"column":null}},"type":"binary-expr","locations":[{"start":{"line":46,"column":14},"end":{"line":46,"column":24}},{"start":{"line":46,"column":24},"end":{"line":46,"column":null}}],"line":46},"13":{"loc":{"start":{"line":47,"column":2},"end":{"line":49,"column":null}},"type":"if","locations":[{"start":{"line":47,"column":2},"end":{"line":49,"column":null}},{"start":{},"end":{}}],"line":47},"14":{"loc":{"start":{"line":51,"column":34},"end":{"line":51,"column":57}},"type":"binary-expr","locations":[{"start":{"line":51,"column":34},"end":{"line":51,"column":52}},{"start":{"line":51,"column":52},"end":{"line":51,"column":57}}],"line":51},"15":{"loc":{"start":{"line":53,"column":2},"end":{"line":69,"column":null}},"type":"if","locations":[{"start":{"line":53,"column":2},"end":{"line":69,"column":null}},{"start":{},"end":{}}],"line":53},"16":{"loc":{"start":{"line":53,"column":6},"end":{"line":53,"column":38}},"type":"binary-expr","locations":[{"start":{"line":53,"column":6},"end":{"line":53,"column":22}},{"start":{"line":53,"column":22},"end":{"line":53,"column":38}}],"line":53},"17":{"loc":{"start":{"line":55,"column":14},"end":{"line":55,"column":null}},"type":"binary-expr","locations":[{"start":{"line":55,"column":14},"end":{"line":55,"column":32}},{"start":{"line":55,"column":32},"end":{"line":55,"column":null}}],"line":55},"18":{"loc":{"start":{"line":62,"column":4},"end":{"line":65,"column":null}},"type":"if","locations":[{"start":{"line":62,"column":4},"end":{"line":65,"column":null}},{"start":{},"end":{}}],"line":62},"19":{"loc":{"start":{"line":63,"column":52},"end":{"line":63,"column":82}},"type":"binary-expr","locations":[{"start":{"line":63,"column":52},"end":{"line":63,"column":68}},{"start":{"line":63,"column":68},"end":{"line":63,"column":82}}],"line":63},"20":{"loc":{"start":{"line":64,"column":22},"end":{"line":64,"column":58}},"type":"binary-expr","locations":[{"start":{"line":64,"column":22},"end":{"line":64,"column":40}},{"start":{"line":64,"column":40},"end":{"line":64,"column":58}}],"line":64},"21":{"loc":{"start":{"line":81,"column":2},"end":{"line":95,"column":null}},"type":"if","locations":[{"start":{"line":81,"column":2},"end":{"line":95,"column":null}},{"start":{},"end":{}}],"line":81},"22":{"loc":{"start":{"line":86,"column":6},"end":{"line":89,"column":null}},"type":"if","locations":[{"start":{"line":86,"column":6},"end":{"line":89,"column":null}},{"start":{},"end":{}}],"line":86},"23":{"loc":{"start":{"line":88,"column":8},"end":{"line":88,"column":null}},"type":"binary-expr","locations":[{"start":{"line":88,"column":24},"end":{"line":88,"column":72}},{"start":{"line":88,"column":72},"end":{"line":88,"column":null}}],"line":88},"24":{"loc":{"start":{"line":88,"column":24},"end":{"line":88,"column":72}},"type":"cond-expr","locations":[{"start":{"line":88,"column":49},"end":{"line":88,"column":65}},{"start":{"line":88,"column":65},"end":{"line":88,"column":72}}],"line":88},"25":{"loc":{"start":{"line":124,"column":4},"end":{"line":124,"column":null}},"type":"if","locations":[{"start":{"line":124,"column":4},"end":{"line":124,"column":null}},{"start":{},"end":{}}],"line":124},"26":{"loc":{"start":{"line":147,"column":13},"end":{"line":147,"column":null}},"type":"cond-expr","locations":[{"start":{"line":147,"column":50},"end":{"line":147,"column":60}},{"start":{"line":147,"column":60},"end":{"line":147,"column":null}}],"line":147},"27":{"loc":{"start":{"line":154,"column":2},"end":{"line":157,"column":null}},"type":"if","locations":[{"start":{"line":154,"column":2},"end":{"line":157,"column":null}},{"start":{},"end":{}}],"line":154},"28":{"loc":{"start":{"line":162,"column":12},"end":{"line":162,"column":null}},"type":"binary-expr","locations":[{"start":{"line":162,"column":12},"end":{"line":162,"column":62}},{"start":{"line":162,"column":62},"end":{"line":162,"column":null}}],"line":162},"29":{"loc":{"start":{"line":163,"column":16},"end":{"line":163,"column":null}},"type":"binary-expr","locations":[{"start":{"line":163,"column":16},"end":{"line":163,"column":80}},{"start":{"line":163,"column":80},"end":{"line":163,"column":null}}],"line":163},"30":{"loc":{"start":{"line":164,"column":18},"end":{"line":164,"column":58}},"type":"binary-expr","locations":[{"start":{"line":164,"column":18},"end":{"line":164,"column":52}},{"start":{"line":164,"column":52},"end":{"line":164,"column":58}}],"line":164},"31":{"loc":{"start":{"line":175,"column":2},"end":{"line":175,"column":null}},"type":"if","locations":[{"start":{"line":175,"column":2},"end":{"line":175,"column":null}},{"start":{},"end":{}}],"line":175},"32":{"loc":{"start":{"line":189,"column":21},"end":{"line":189,"column":null}},"type":"binary-expr","locations":[{"start":{"line":189,"column":21},"end":{"line":189,"column":60}},{"start":{"line":189,"column":60},"end":{"line":189,"column":null}}],"line":189},"33":{"loc":{"start":{"line":190,"column":8},"end":{"line":190,"column":null}},"type":"if","locations":[{"start":{"line":190,"column":8},"end":{"line":190,"column":null}},{"start":{},"end":{}}],"line":190},"34":{"loc":{"start":{"line":195,"column":8},"end":{"line":210,"column":null}},"type":"if","locations":[{"start":{"line":195,"column":8},"end":{"line":210,"column":null}},{"start":{},"end":{}}],"line":195},"35":{"loc":{"start":{"line":196,"column":10},"end":{"line":209,"column":null}},"type":"if","locations":[{"start":{"line":196,"column":10},"end":{"line":209,"column":null}},{"start":{"line":196,"column":77},"end":{"line":209,"column":null}}],"line":196},"36":{"loc":{"start":{"line":196,"column":51},"end":{"line":196,"column":null}},"type":"binary-expr","locations":[{"start":{"line":196,"column":51},"end":{"line":196,"column":77}},{"start":{"line":196,"column":77},"end":{"line":196,"column":null}}],"line":196},"37":{"loc":{"start":{"line":196,"column":77},"end":{"line":209,"column":null}},"type":"if","locations":[{"start":{"line":196,"column":77},"end":{"line":209,"column":null}},{"start":{"line":197,"column":99},"end":{"line":209,"column":null}}],"line":196},"38":{"loc":{"start":{"line":197,"column":62},"end":{"line":197,"column":null}},"type":"binary-expr","locations":[{"start":{"line":197,"column":62},"end":{"line":197,"column":99}},{"start":{"line":197,"column":99},"end":{"line":197,"column":null}}],"line":197},"39":{"loc":{"start":{"line":197,"column":99},"end":{"line":209,"column":null}},"type":"if","locations":[{"start":{"line":197,"column":99},"end":{"line":209,"column":null}},{"start":{"line":198,"column":99},"end":{"line":209,"column":null}}],"line":197},"40":{"loc":{"start":{"line":198,"column":59},"end":{"line":198,"column":null}},"type":"binary-expr","locations":[{"start":{"line":198,"column":59},"end":{"line":198,"column":99}},{"start":{"line":198,"column":99},"end":{"line":198,"column":null}}],"line":198},"41":{"loc":{"start":{"line":198,"column":99},"end":{"line":209,"column":null}},"type":"if","locations":[{"start":{"line":198,"column":99},"end":{"line":209,"column":null}},{"start":{"line":199,"column":86},"end":{"line":209,"column":null}}],"line":198},"42":{"loc":{"start":{"line":199,"column":57},"end":{"line":199,"column":null}},"type":"binary-expr","locations":[{"start":{"line":199,"column":57},"end":{"line":199,"column":86}},{"start":{"line":199,"column":86},"end":{"line":199,"column":null}}],"line":199},"43":{"loc":{"start":{"line":199,"column":86},"end":{"line":209,"column":null}},"type":"if","locations":[{"start":{"line":199,"column":86},"end":{"line":209,"column":null}},{"start":{},"end":{}}],"line":199},"44":{"loc":{"start":{"line":202,"column":12},"end":{"line":208,"column":null}},"type":"if","locations":[{"start":{"line":202,"column":12},"end":{"line":208,"column":null}},{"start":{},"end":{}}],"line":202},"45":{"loc":{"start":{"line":202,"column":16},"end":{"line":202,"column":39}},"type":"binary-expr","locations":[{"start":{"line":202,"column":16},"end":{"line":202,"column":23}},{"start":{"line":202,"column":23},"end":{"line":202,"column":39}}],"line":202},"46":{"loc":{"start":{"line":204,"column":14},"end":{"line":207,"column":null}},"type":"if","locations":[{"start":{"line":204,"column":14},"end":{"line":207,"column":null}},{"start":{"line":204,"column":73},"end":{"line":207,"column":null}}],"line":204},"47":{"loc":{"start":{"line":204,"column":51},"end":{"line":204,"column":null}},"type":"binary-expr","locations":[{"start":{"line":204,"column":51},"end":{"line":204,"column":73}},{"start":{"line":204,"column":73},"end":{"line":204,"column":null}}],"line":204},"48":{"loc":{"start":{"line":204,"column":73},"end":{"line":207,"column":null}},"type":"if","locations":[{"start":{"line":204,"column":73},"end":{"line":207,"column":null}},{"start":{"line":205,"column":95},"end":{"line":207,"column":null}}],"line":204},"49":{"loc":{"start":{"line":205,"column":62},"end":{"line":205,"column":null}},"type":"bina
[...]
"end":{"line":289,"column":null}},"85":{"start":{"line":289,"column":35},"end":{"line":289,"column":60}},"86":{"start":{"line":290,"column":21},"end":{"line":293,"column":6}},"87":{"start":{"line":292,"column":42},"end":{"line":292,"column":77}},"88":{"start":{"line":295,"column":26},"end":{"line":297,"column":null}},"89":{"start":{"line":296,"column":8},"end":{"line":296,"column":null}},"90":{"start":{"line":299,"column":30},"end":{"line":301,"column":null}},"91":{"start":{"line":300,"column":8},"end":{"line":300,"column":null}},"92":{"start":{"line":300,"column":35},"end":{"line":300,"column":62}},"93":{"start":{"line":303,"column":4},"end":{"line":308,"column":null}}},"fnMap":{"0":{"name":"(anonymous_0)","decl":{"start":{"line":68,"column":28},"end":{"line":68,"column":34}},"loc":{"start":{"line":68,"column":34},"end":{"line":71,"column":null}},"line":68},"1":{"name":"(anonymous_1)","decl":{"start":{"line":88,"column":8},"end":{"line":88,"column":9}},"loc":{"start":{"line":88,"column":18},"end":{"line":253,"column":null}},"line":88},"2":{"name":"(anonymous_2)","decl":{"start":{"line":91,"column":28},"end":{"line":91,"column":29}},"loc":{"start":{"line":91,"column":38},"end":{"line":91,"column":null}},"line":91},"3":{"name":"(anonymous_3)","decl":{"start":{"line":92,"column":20},"end":{"line":92,"column":26}},"loc":{"start":{"line":92,"column":26},"end":{"line":92,"column":null}},"line":92},"4":{"name":"(anonymous_4)","decl":{"start":{"line":96,"column":25},"end":{"line":96,"column":26}},"loc":{"start":{"line":96,"column":39},"end":{"line":96,"column":null}},"line":96},"5":{"name":"(anonymous_5)","decl":{"start":{"line":100,"column":25},"end":{"line":100,"column":26}},"loc":{"start":{"line":100,"column":39},"end":{"line":100,"column":null}},"line":100},"6":{"name":"(anonymous_6)","decl":{"start":{"line":105,"column":24},"end":{"line":105,"column":25}},"loc":{"start":{"line":105,"column":37},"end":{"line":105,"column":null}},"line":105},"7":{"name":"(anonymous_7)","decl":{"start":{"line":106,"column":30},"end":{"line":106,"column":31}},"loc":{"start":{"line":106,"column":42},"end":{"line":106,"column":null}},"line":106},"8":{"name":"(anonymous_8)","decl":{"start":{"line":107,"column":26},"end":{"line":107,"column":27}},"loc":{"start":{"line":107,"column":38},"end":{"line":110,"column":null}},"line":107},"9":{"name":"(anonymous_9)","decl":{"start":{"line":107,"column":42},"end":{"line":107,"column":43}},"loc":{"start":{"line":107,"column":54},"end":{"line":110,"column":14}},"line":107},"10":{"name":"(anonymous_10)","decl":{"start":{"line":108,"column":43},"end":{"line":108,"column":44}},"loc":{"start":{"line":108,"column":50},"end":{"line":108,"column":81}},"line":108},"11":{"name":"(anonymous_11)","decl":{"start":{"line":111,"column":23},"end":{"line":111,"column":24}},"loc":{"start":{"line":111,"column":35},"end":{"line":111,"column":null}},"line":111},"12":{"name":"(anonymous_12)","decl":{"start":{"line":111,"column":39},"end":{"line":111,"column":40}},"loc":{"start":{"line":111,"column":51},"end":{"line":111,"column":91}},"line":111},"13":{"name":"(anonymous_13)","decl":{"start":{"line":112,"column":32},"end":{"line":112,"column":33}},"loc":{"start":{"line":112,"column":54},"end":{"line":119,"column":null}},"line":112},"14":{"name":"(anonymous_14)","decl":{"start":{"line":112,"column":58},"end":{"line":112,"column":59}},"loc":{"start":{"line":112,"column":70},"end":{"line":119,"column":14}},"line":112},"15":{"name":"(anonymous_15)","decl":{"start":{"line":113,"column":43},"end":{"line":113,"column":44}},"loc":{"start":{"line":114,"column":20},"end":{"line":114,"column":null}},"line":114},"16":{"name":"(anonymous_16)","decl":{"start":{"line":123,"column":28},"end":{"line":123,"column":29}},"loc":{"start":{"line":123,"column":41},"end":{"line":125,"column":null}},"line":123},"17":{"name":"(anonymous_17)","decl":{"start":{"line":123,"column":45},"end":{"line":123,"column":46}},"loc":{"start":{"line":123,"column":57},"end":{"line":125,"column":14}},"line":123},"18":{"name":"(anonymous_18)","decl":{"start":{"line":129,"column":33},"end":{"line":129,"column":34}},"loc":{"start":{"line":129,"column":48},"end":{"line":129,"column":null}},"line":129},"19":{"name":"(anonymous_19)","decl":{"start":{"line":133,"column":22},"end":{"line":133,"column":23}},"loc":{"start":{"line":133,"column":33},"end":{"line":133,"column":null}},"line":133},"20":{"name":"(anonymous_20)","decl":{"start":{"line":134,"column":21},"end":{"line":134,"column":22}},"loc":{"start":{"line":134,"column":31},"end":{"line":134,"column":null}},"line":134},"21":{"name":"(anonymous_21)","decl":{"start":{"line":134,"column":35},"end":{"line":134,"column":36}},"loc":{"start":{"line":134,"column":47},"end":{"line":134,"column":81}},"line":134},"22":{"name":"(anonymous_22)","decl":{"start":{"line":135,"column":24},"end":{"line":135,"column":25}},"loc":{"start":{"line":135,"column":34},"end":{"line":137,"column":null}},"line":135},"23":{"name":"(anonymous_23)","decl":{"start":{"line":135,"column":38},"end":{"line":135,"column":39}},"loc":{"start":{"line":135,"column":50},"end":{"line":137,"column":14}},"line":135},"24":{"name":"(anonymous_24)","decl":{"start":{"line":136,"column":39},"end":{"line":136,"column":40}},"loc":{"start":{"line":136,"column":46},"end":{"line":136,"column":73}},"line":136},"25":{"name":"(anonymous_25)","decl":{"start":{"line":141,"column":28},"end":{"line":141,"column":29}},"loc":{"start":{"line":141,"column":42},"end":{"line":143,"column":null}},"line":141},"26":{"name":"(anonymous_26)","decl":{"start":{"line":141,"column":46},"end":{"line":141,"column":47}},"loc":{"start":{"line":141,"column":58},"end":{"line":143,"column":14}},"line":141},"27":{"name":"(anonymous_27)","decl":{"start":{"line":147,"column":33},"end":{"line":147,"column":34}},"loc":{"start":{"line":147,"column":48},"end":{"line":147,"column":null}},"line":147},"28":{"name":"(anonymous_28)","decl":{"start":{"line":148,"column":31},"end":{"line":148,"column":32}},"loc":{"start":{"line":148,"column":44},"end":{"line":150,"column":null}},"line":148},"29":{"name":"(anonymous_29)","decl":{"start":{"line":148,"column":48},"end":{"line":148,"column":49}},"loc":{"start":{"line":148,"column":60},"end":{"line":150,"column":14}},"line":148},"30":{"name":"(anonymous_30)","decl":{"start":{"line":151,"column":34},"end":{"line":151,"column":35}},"loc":{"start":{"line":151,"column":47},"end":{"line":155,"column":null}},"line":151},"31":{"name":"(anonymous_31)","decl":{"start":{"line":151,"column":51},"end":{"line":151,"column":52}},"loc":{"start":{"line":151,"column":63},"end":{"line":155,"column":14}},"line":151},"32":{"name":"(anonymous_32)","decl":{"start":{"line":152,"column":61},"end":{"line":152,"column":62}},"loc":{"start":{"line":153,"column":20},"end":{"line":153,"column":null}},"line":153},"33":{"name":"(anonymous_33)","decl":{"start":{"line":159,"column":30},"end":{"line":159,"column":31}},"loc":{"start":{"line":159,"column":45},"end":{"line":159,"column":null}},"line":159},"34":{"name":"(anonymous_34)","decl":{"start":{"line":160,"column":32},"end":{"line":160,"column":33}},"loc":{"start":{"line":160,"column":46},"end":{"line":176,"column":null}},"line":160},"35":{"name":"(anonymous_35)","decl":{"start":{"line":160,"column":50},"end":{"line":160,"column":51}},"loc":{"start":{"line":160,"column":61},"end":{"line":176,"column":13}},"line":160},"36":{"name":"(anonymous_36)","decl":{"start":{"line":162,"column":20},"end":{"line":162,"column":25}},"loc":{"start":{"line":162,"column":25},"end":{"line":162,"column":null}},"line":162},"37":{"name":"(anonymous_37)","decl":{"start":{"line":166,"column":63},"end":{"line":166,"column":null}},"loc":{"start":{"line":167,"column":28},"end":{"line":169,"column":null}},"line":167},"38":{"name":"(anonymous_38)","decl":{"start":{"line":179,"column":19},"end":{"line":179,"column":25}},"loc":{"start":{"line":179,"column":25},"end":{"line":191,"column":null}},"line":179},"39":{"name":"(anonymous_39)","decl":{"start":{"line":195,"column":26},"end":{"line":195,"column":27}},"loc":{"start":{"line":195,"column":41},"end":{"line":195,"column":null}},"line":195},"40":{"name":"(anonymous_40)","decl":{"start":{"line":198,"column":26},"end":{"line":198,"column":38}},"loc":{"start":{"line":198,"column":38},"end":{"line":252,"column":null}},"line":198},"41":{"name":"(anonymous_41)","decl":{"start":{"line":236,"column":57},"end":{"line":236,"column":62}},"loc":{"start":{"line":236,"column":62},"end":{"line":239,"column":21}},"line":236},"42":{"name":"(anonymous_42)","decl":{"start":{"line":237,"column":54},"end":{"line":237,"column":59}},"loc":{"start":{"line":237,"column":59},"end":{"line":237,"column":79}},"line":237},"43":{"name":"(anonymous_43)","decl":{"start":{"line":256,"column":24},"end":{"line":256,"column":25}},"loc":{"start":{"line":256,"column":36},"end":{"line":267,"column":null}},"line":256},"44":{"name":"(anonymous_44)","decl":{"start":{"line":273,"column":31},"end":{"line":273,"column":37}},"loc":{"start":{"line":273,"column":37},"end":{"line":309,"column":null}},"line":273},"45":{"name":"(anonymous_45)","decl":{"start":{"line":284,"column":45},"end":{"line":284,"column":null}},"loc":{"start":{"line":285,"column":8},"end":{"line":285,"column":null}},"line":285},"46":{"name":"(anonymous_46)","decl":{"start":{"line":285,"column":30},"end":{"line":285,"column":37}},"loc":{"start":{"line":285,"column":37},"end":{"line":285,"column":66}},"line":285},"47":{"name":"(anonymous_47)","decl":{"start":{"line":288,"column":43},"end":{"line":288,"column":null}},"loc":{"start":{"line":289,"column":8},"end":{"line":289,"column":null}},"line":289},"48":{"name":"(anonymous_48)","decl":{"start":{"line":289,"column":30},"end":{"line":289,"column":35}},"loc":{"start":{"line":289,"column":35},"end":{"line":289,"column":60}},"line":289},"49":{"name":"(anonymous_49)","decl":{"start":{"line":290,"column":10},"end":{"line":290,"column":21}},"loc":{"start":{"line":290,"column":21},"end":{"line":293,"column":6}},"line":290},"50":{"name":"(anonymous_50)","decl":{"start":{"line":292,"column":37},"end":{"line":292,"column":42}},"loc":{"start":{"line":292,"column":42},"end":{"line":292,"column":77}},"line":292},"51":{"name":"(anonymous_51)","decl":{"start":{"line":295,"column":39},"end":{"line":295,"column":null}},"loc":{"start":{"line":296,"column":8},"end":{"line":296,"column":null}},"line":296},"52":{"name":"(anonymous_52)","decl":{"start":{"line":299,"column":51},"end":{"line":299,"column":null}},"loc":{"start":{"line":300,"column":8},"end":{"line":300,"column":null}},"line":300},"53":{"name":"(anonymous_53)","decl":{"start":{"line":300,"column":30},"end":{"line":300,"column":35}},"loc":{"start":{"line":300,"column":35},"end":{"line":300,"column":62}},"line":300}},"branchMap":{"0":{"loc":{"start":{"line":108,"column":50},"end":{"line":108,"column":81}},"type":"cond-expr","locations":[{"start":{"line":108,"column":71},"end":{"line":108,"column":80}},{"start":{"line":108,"column":80},"end":{"line":108,"column":81}}],"line":108},"1":{"loc":{"start":{"line":109,"column":31},"end":{"line":109,"column":null}},"type":"cond-expr","locations":[{"start":{"line":109,"column":71},"end":{"line":109,"column":80}},{"start":{"line":109,"column":80},"end":{"line":109,"column":null}}],"line":109},"2":{"loc":{"start":{"line":114,"column":20},"end":{"line":114,"column":null}},"type":"cond-expr","locations":[{"start":{"line":114,"column":40},"end":{"line":114,"column":100}},{"start":{"line":114,"column":100},"end":{"line":114,"column":null}}],"line":114},"3":{"loc":{"start":{"line":116,"column":31},"end":{"line":118,"column":null}},"type":"cond-expr","locations":[{"start":{"line":117,"column":22},"end":{"line":117,"column":null}},{"start":{"line":118,"column":22},"end":{"line":118,"column":null}}],"line":116},"4":{"loc":{"start":{"line":136,"column":46},"end":{"line":136,"column":73}},"type":"cond-expr","locations":[{"start":{"line":136,"column":65},"end":{"line":136,"column":72}},{"start":{"line":136,"column":72},"end":{"line":136,"column":73}}],"line":136},"5":{"loc":{"start":{"line":153,"column":20},"end":{"line":153,"column":null}},"type":"cond-expr","locations":[{"start":{"line":153,"column":42},"end":{"line":153,"column":52}},{"start":{"line":153,"column":52},"end":{"line":153,"column":null}}],"line":153},"6":{"loc":{"start":{"line":162,"column":25},"end":{"line":162,"column":null}},"type":"binary-expr","locations":[{"start":{"line":162,"column":25},"end":{"line":162,"column":63}},{"start":{"line":162,"column":63},"end":{"line":162,"column":null}}],"line":162},"7":{"loc":{"start":{"line":164,"column":16},"end":{"line":172,"column":null}},"type":"if","locations":[{"start":{"line":164,"column":16},"end":{"line":172,"column":null}},{"start":{},"end":{}}],"line":164},"8":{"loc":{"start":{"line":167,"column":28},"end":{"line":169,"column":null}},"type":"cond-expr","locations":[{"start":{"line":168,"column":34},"end":{"line":168,"column":null}},{"start":{"line":169,"column":34},"end":{"line":169,"column":null}}],"line":167},"9":{"loc":{"start":{"line":167,"column":28},"end":{"line":167,"column":null}},"type":"binary-expr","locations":[{"start":{"line":167,"column":28},"end":{"line":167,"column":66}},{"start":{"line":167,"column":66},"end":{"line":167,"column":null}}],"line":167},"10":{"loc":{"start":{"line":203,"column":16},"end":{"line":206,"column":null}},"type":"if","locations":[{"start":{"line":203,"column":16},"end":{"line":206,"column":null}},{"start":{},"end":{}}],"line":203},"11":{"loc":{"start":{"line":210,"column":16},"end":{"line":213,"column":null}},"type":"if","locations":[{"start":{"line":210,"column":16},"end":{"line":213,"column":null}},{"start":{},"end":{}}],"line":210},"12":{"loc":{"start":{"line":238,"column":52},"end":{"line":238,"column":78}},"type":"binary-expr","locations":[{"start":{"line":238,"column":52},"end":{"line":238,"column":69}},{"start":{"line":238,"column":69},"end":{"line":238,"column":78}}],"line":238},"13":{"loc":{"start":{"line":277,"column":4},"end":{"line":279,"column":null}},"type":"if","locations":[{"start":{"line":277,"column":4},"end":{"line":279,"column":null}},{"start":{},"end":{}}],"line":277},"14":{"loc":{"start":{"line":277,"column":8},"end":{"line":277,"column":53}},"type":"binary-expr","locations":[{"start":{"line":277,"column":8},"end":{"line":277,"column":24}},{"start":{"line":277,"column":24},"end":{"line":277,"column":53}}],"line":277}},"s":{"0":1,"1":1,"2":1,"3":1,"4":1,"5":1,"6":0,"7":0,"8":0,"9":0,"10":0,"11":0,"12":0,"13":0,"14":0,"15":0,"16":0,"17":0,"18":0,"19":0,"20":0,"21":0,"22":0,"23":0,"24":0,"25":0,"26":0,"27":0,"28":0,"29":0,"30":0,"31":0,"32":0,"33":0,"34":0,"35":0,"36":0,"37":0,"38":0,"39":0,"40":0,"41":0,"42":0,"43":0,"44":0,"45":0,"46":0,"47":0,"48":0,"49":0,"50":0,"51":0,"52":0,"53":0,"54":0,"55":0,"56":0,"57":0,"58":0,"59":0,"60":0,"61":0,"62":0,"63":0,"64":0,"65":0,"66":0,"67":0,"68":0,"69":0,"70":0,"71":0,"72":0,"73":0,"74":0,"75":1,"76":0,"77":0,"78":0,"79":0,"80":0,"81":0,"82":0,"83":0,"84":0,"85":0,"86":0,"87":0,"88":0,"89":0,"90":0,"91":0,"92":0,"93":0},"f":{"0":1,"1":1,"2":0,"3":0,"4":0,"5":0,"6":0,"7":0,"8":0,"9":0,"10":0,"11":0,"12":0,"13":0,"14":0,"15":0,"16":0,"17":0,"18":0,"19":0,"20":0,"21":0,"22":0,"23":0,"24":0,"25":0,"26":0,"27":0,"28":0,"29":0,"30":0,"31":0,"32":0,"33":0,"34":0,"35":0,"36":0,"37":0,"38":0,"39":0,"40":0,"41":0,"42":0,"43":0,"44":0,"45":0,"46":0,"47":0,"48":0,"49":0,"50":0,"51":0,"52":0,"53":0},"b":{"0":[0,0],"1":[0,0],"2":[0,0],"3":[0,0],"4":[0,0],"5":[0,0],"6":[0,0],"7":[0,0],"8":[0,0],"9":[0,0],"10":[0,0],"11":[0,0],"12":[0,0],"13":[0,0],"14":[0,0]},"meta":{"lastBranch":15,"lastFunction":54,"lastStatement":94,"seen":{"s:68:28:71:Infinity":0,"f:68:28:68:34":0,"s:69:16:69:Infinity":1,"s:70:4:70:Infinity":2,"s:73:40:84:Infinity":3,"s:86:13:270:Infinity":4,"f:88:8:88:9":1,"s:88:18:253:Infinity":5,"f:91:28:91:29":2,"s:91:38:91:Infinity":6,"f:92:20:92:26":3,"s:92:26:92:Infinity":7,"f:96:25:96:26":4,"s:96:39:96:Infinity":8,"f:100:25:100:26":5,"s:100:39:100:Infinity":9,"f:105:24:105:25":6,"s:105:37:105:Infinity":10,"f:106:30:106:31":7,"s:106:42:106:Infinity":11,"f:107:26:107:27":8,"s:107:38:110:Infinity":12,"f:107:42:107:43":9,"s:107:54:110:14":13,"f:108:43:108:44":10,"s:108:50:108:81":14,"b:108:71:108:80:108:80:108:81":0,"b:109:71:109:80:109:80:109:Infinity":1,"f:111:23:111:24":11,"s:111:35:111:Infinity":15,"f:111:39:111:40":12,"s:111:51:111:91":16,"f:112:32:112:33":13,"s:112:54:119:Infinity":17,"f:112:58:112:59":14,"s:112:70:119:14":18,"f:113:43:113:44":15,"s:114:20:114:Infinity":19,"b:114:40:114:100:114:100:114:Infinity":2,"b:117:22:117:Infinity:118:22:118:Infinity":3,"f:123:28:123:29":16,"s:123:41:125:Infinity":20,"f:123:45:123:46":17,"s:123:57:125:14":21,"f:129:33:129:34":18,"s:129:48:129:Infinity":22,"f:133:22:133:23":19,"s:133:33:133:Infinity":23,"f:134:21:134:22":20,"s:134:31:134:Infinity":24,"f:134:35:134:36":21,"s:134:47:134:81":25,"f:135:24:135:25":22,"s:135:34:137:Infinity":26,"f:135:38:135:39":23,"s:135:50:137:14":27,"f:136:39:136:40":24,"s:136:46:136:73":28,"b:136:65:136:72:136:72:136:73":4,"f:141:28:141:29":25,"s:141:42:143:Infinity":29,"f:141:46:141:47":26,"s:141:58:143:14":30,"f:147:33:147:34":27,"s:147:48:147:Infinity":31,"f:148:31:148:32":28,"s:148:44:150:Infinity":32,"f:148:48:148:49":29,"s:148:60:150:14":33,"f:151:34:151:35":30,"s:151:47:155:Infinity":34,"f:151:51:151:52":31,"s:151:63:155:14":35,"f:152:61:152:62":32,"s:153:20:153:Infinity":36,"b:153:42:153:52:153:52:153:Infinity":5,"f:159:30:159:31":33,"s:159:45:159:Infinity":37,"f:160:32:160:33":34,"s:160:46:176:Infinity":38,"f:160:50:160:51":35,"s:161:33:163:Infinity":39,"f:162:20:162:25":36,"s:162:25:162:Infinity":40,"b:162:25:162:63:162:63:162:Infinity":6,"b:164:16:172:Infinity:undefined:undefined:undefined:undefined":7,"s:164:16:172:Infinity":41,"s:165:20:171:Infinity":42,"f:166:63:166:Infinity":37,"s:167:28:169:Infinity":43,"b:168:34:168:Infinity:169:34:169:Infinity":8,"b:167:28:167:66:167:66:167:Infinity":9,"s:173:16:175:Infinity":44,"f:179:19:179:25":38,"s:179:25:191:Infinity":45,"f:195:26:195:27":39,"s:195:41:195:Infinity":46,"f:198:26:198:38":40,"s:199:30:199:Infinity":47,"s:200:149:200:Infinity":48,"b:203:16:206:Infinity:undefined:undefined:undefined:undefined":10,"s:203:16:206:Infinity":49,"s:204:20:204:Infinity":50,"s:205:20:205:Infinity":51,"s:208:16:208:Infinity":52,"b:210:16:213:Infinity:undefined:undefined:undefined:undefined":11,"s:210:16:213:Infinity":53,"s:211:20:211:Infinity":54,"s:212:20:212:Infinity":55,"s:215:16:215:Infinity":56,"s:216:16:251:Infinity":57,"s:217:35:217:Infinity":58,"s:219:20:219:Infinity":59,"s:220:76:226:Infinity":60,"s:228:20:234:Infinity":61,"s:236:45:239:Infinity":62,"f:236:57:236:62":41,"s:237:40:237:Infinity":63,"f:237:54:237:59":42,"s:237:59:237:79":64,"s:238:24:238:Infinity":65,"b:238:52:238:69:238:69:238:78":12,"s:241:20:241:Infinity":66,"s:242:20:242:Infinity":67,"s:243:20:243:Infinity":68,"s:244:20:244:Infinity":69,"s:245:20:245:Infinity":70,"s:246:20:246:Infinity":71,"s:248:20:248:Infinity":72,"s:250:20:250:Infinity":73,"f:256:24:256:25":43,"s:256:36:267:Infinity":74,"s:273:31:309:Infinity":75,"f:273:31:273:37":44,"s:274:69:274:Infinity":76,"b:277:4:279:Infinity:undefined:undefined:undefined:undefined":13,"s:277:4:279:Infinity":77,"b:277:8:277:24:277:24:277:53":14,"s:278:8:278:Infinity":78,"s:282:28:282:Infinity":79,"s:284:29:286:Infinity":80,"f:284:45:284:Infinity":45,"s:285:8:285:Infinity":81,"f:285:30:285:37":46,"s:285:37:285:66":82,"s:288:28:293:Infinity":83,"f:288:43:288:Infinity":47,"s:289:8:289:Infinity":84,"f:289:30:289:35":48,"s:289:35:289:60":85,"f:290:10:290:21":49,"s:290:21:293:6":86,"f:292:37:292:42":50,"s:292:42:292:77":87,"s:295:26:297:Infinity":88,"f:295:39:295:Infinity":51,"s:296:8:296:Infinity":89,"s:299:30:301:Infinity":90,"f:299:51:299:Infinity":52,"s:300:8:300:Infinity":91,"f:300:30:300:35":53,"s:300:35:300:62":92,"s:303:4:308:Infinity":93}}}
}
